Hello
Using ddragon version: 11.12.1
Saving file './src/api/version.json'...
Fetching (json): https://ddragon.leagueoflegends.com/cdn/11.12.1/data/en_US/champion.json
Building Champion Json
Fetching (wikia-module): https://leagueoflegends.fandom.com/wiki/Module:ChampionData/data?action=edit
Fetching (wiki): https://leagueoflegends.fandom.com/wiki/Module:ChampionData/data?action=edit
Fetching (ddragon) https://ddragon.leagueoflegends.com/cdn/11.12.1/data/en_US/champion/Aatrox.json
Fetching (ddragon) https://ddragon.leagueoflegends.com/cdn/11.12.1/data/en_US/champion/Ahri.json
Fetching (ddragon) https://ddragon.leagueoflegends.com/cdn/11.12.1/data/en_US/champion/Akali.json
Fetching (ddragon) https://ddragon.leagueoflegends.com/cdn/11.12.1/data/en_US/champion/Alistar.json
Fetching (ddragon) https://ddragon.leagueoflegends.com/cdn/11.12.1/data/en_US/champion/Amumu.json
Fetching (ddragon) https://ddragon.leagueoflegends.com/cdn/11.12.1/data/en_US/champion/Anivia.json
Fetching (ddragon) https://ddragon.leagueoflegends.com/cdn/11.12.1/data/en_US/champion/Annie.json
Fetching (ddragon) https://ddragon.leagueoflegends.com/cdn/11.12.1/data/en_US/champion/Aphelios.json
Fetching (ddragon) https://ddragon.leagueoflegends.com/cdn/11.12.1/data/en_US/champion/Ashe.json
Fetching (ddragon) https://ddragon.leagueoflegends.com/cdn/11.12.1/data/en_US/champion/AurelionSol.json
Fetching (ddragon) https://ddragon.leagueoflegends.com/cdn/11.12.1/data/en_US/champion/Azir.json
Fetching (ddragon) https://ddragon.leagueoflegends.com/cdn/11.12.1/data/en_US/champion/Bard.json
Fetching (ddragon) https://ddragon.leagueoflegends.com/cdn/11.12.1/data/en_US/champion/Blitzcrank.json
Fetching (ddragon) https://ddragon.leagueoflegends.com/cdn/11.12.1/data/en_US/champion/Brand.json
Fetching (ddragon) https://ddragon.leagueoflegends.com/cdn/11.12.1/data/en_US/champion/Braum.json
Fetching (ddragon) https://ddragon.leagueoflegends.com/cdn/11.12.1/data/en_US/champion/Caitlyn.json
Fetching (ddragon) https://ddragon.leagueoflegends.com/cdn/11.12.1/data/en_US/champion/Camille.json
Fetching (ddragon) https://ddragon.leagueoflegends.com/cdn/11.12.1/data/en_US/champion/Cassiopeia.json
Fetching (ddragon) https://ddragon.leagueoflegends.com/cdn/11.12.1/data/en_US/champion/Chogath.json
Fetching (ddragon) https://ddragon.leagueoflegends.com/cdn/11.12.1/data/en_US/champion/Corki.json
Fetching (ddragon) https://ddragon.leagueoflegends.com/cdn/11.12.1/data/en_US/champion/Darius.json
Fetching (ddragon) https://ddragon.leagueoflegends.com/cdn/11.12.1/data/en_US/champion/Diana.json
Fetching (ddragon) https://ddragon.leagueoflegends.com/cdn/11.12.1/data/en_US/champion/Draven.json
Fetching (ddragon) https://ddragon.leagueoflegends.com/cdn/11.12.1/data/en_US/champion/DrMundo.json
Fetching (ddragon) https://ddragon.leagueoflegends.com/cdn/11.12.1/data/en_US/champion/Ekko.json
Fetching (ddragon) https://ddragon.leagueoflegends.com/cdn/11.12.1/data/en_US/champion/Elise.json
Fetching (ddragon) https://ddragon.leagueoflegends.com/cdn/11.12.1/data/en_US/champion/Evelynn.json
Fetching (ddragon) https://ddragon.leagueoflegends.com/cdn/11.12.1/data/en_US/champion/Ezreal.json
Fetching (ddragon) https://ddragon.leagueoflegends.com/cdn/11.12.1/data/en_US/champion/Fiddlesticks.json
Fetching (ddragon) https://ddragon.leagueoflegends.com/cdn/11.12.1/data/en_US/champion/Fiora.json
Fetching (ddragon) https://ddragon.leagueoflegends.com/cdn/11.12.1/data/en_US/champion/Fizz.json
Fetching (ddragon) https://ddragon.leagueoflegends.com/cdn/11.12.1/data/en_US/champion/Galio.json
Fetching (ddragon) https://ddragon.leagueoflegends.com/cdn/11.12.1/data/en_US/champion/Gangplank.json
Fetching (ddragon) https://ddragon.leagueoflegends.com/cdn/11.12.1/data/en_US/champion/Garen.json
Fetching (ddragon) https://ddragon.leagueoflegends.com/cdn/11.12.1/data/en_US/champion/Gnar.json
Fetching (ddragon) https://ddragon.leagueoflegends.com/cdn/11.12.1/data/en_US/champion/Gragas.json
Fetching (ddragon) https://ddragon.leagueoflegends.com/cdn/11.12.1/data/en_US/champion/Graves.json
Fetching (ddragon) https://ddragon.leagueoflegends.com/cdn/11.12.1/data/en_US/champion/Gwen.json
Fetching (ddragon) https://ddragon.leagueoflegends.com/cdn/11.12.1/data/en_US/champion/Hecarim.json
Fetching (ddragon) https://ddragon.leagueoflegends.com/cdn/11.12.1/data/en_US/champion/Heimerdinger.json
Fetching (ddragon) https://ddragon.leagueoflegends.com/cdn/11.12.1/data/en_US/champion/Illaoi.json
Fetching (ddragon) https://ddragon.leagueoflegends.com/cdn/11.12.1/data/en_US/champion/Irelia.json
Fetching (ddragon) https://ddragon.leagueoflegends.com/cdn/11.12.1/data/en_US/champion/Ivern.json
Fetching (ddragon) https://ddragon.leagueoflegends.com/cdn/11.12.1/data/en_US/champion/Janna.json
Fetching (ddragon) https://ddragon.leagueoflegends.com/cdn/11.12.1/data/en_US/champion/JarvanIV.json
Fetching (ddragon) https://ddragon.leagueoflegends.com/cdn/11.12.1/data/en_US/champion/Jax.json
Fetching (ddragon) https://ddragon.leagueoflegends.com/cdn/11.12.1/data/en_US/champion/Jayce.json
Fetching (ddragon) https://ddragon.leagueoflegends.com/cdn/11.12.1/data/en_US/champion/Jhin.json
Fetching (ddragon) https://ddragon.leagueoflegends.com/cdn/11.12.1/data/en_US/champion/Jinx.json
Fetching (ddragon) https://ddragon.leagueoflegends.com/cdn/11.12.1/data/en_US/champion/Kaisa.json
Fetching (ddragon) https://ddragon.leagueoflegends.com/cdn/11.12.1/data/en_US/champion/Kalista.json
Fetching (ddragon) https://ddragon.leagueoflegends.com/cdn/11.12.1/data/en_US/champion/Karma.json
Fetching (ddragon) https://ddragon.leagueoflegends.com/cdn/11.12.1/data/en_US/champion/Karthus.json
Fetching (ddragon) https://ddragon.leagueoflegends.com/cdn/11.12.1/data/en_US/champion/Kassadin.json
Fetching (ddragon) https://ddragon.leagueoflegends.com/cdn/11.12.1/data/en_US/champion/Katarina.json
Fetching (ddragon) https://ddragon.leagueoflegends.com/cdn/11.12.1/data/en_US/champion/Kayle.json
Fetching (ddragon) https://ddragon.leagueoflegends.com/cdn/11.12.1/data/en_US/champion/Kayn.json
Fetching (ddragon) https://ddragon.leagueoflegends.com/cdn/11.12.1/data/en_US/champion/Kennen.json
Fetching (ddragon) https://ddragon.leagueoflegends.com/cdn/11.12.1/data/en_US/champion/Khazix.json
Fetching (ddragon) https://ddragon.leagueoflegends.com/cdn/11.12.1/data/en_US/champion/Kindred.json
Fetching (ddragon) https://ddragon.leagueoflegends.com/cdn/11.12.1/data/en_US/champion/Kled.json
Fetching (ddragon) https://ddragon.leagueoflegends.com/cdn/11.12.1/data/en_US/champion/KogMaw.json
Fetching (ddragon) https://ddragon.leagueoflegends.com/cdn/11.12.1/data/en_US/champion/Leblanc.json
Fetching (ddragon) https://ddragon.leagueoflegends.com/cdn/11.12.1/data/en_US/champion/LeeSin.json
Fetching (ddragon) https://ddragon.leagueoflegends.com/cdn/11.12.1/data/en_US/champion/Leona.json
Fetching (ddragon) https://ddragon.leagueoflegends.com/cdn/11.12.1/data/en_US/champion/Lillia.json
Fetching (ddragon) https://ddragon.leagueoflegends.com/cdn/11.12.1/data/en_US/champion/Lissandra.json
Fetching (ddragon) https://ddragon.leagueoflegends.com/cdn/11.12.1/data/en_US/champion/Lucian.json
Fetching (ddragon) https://ddragon.leagueoflegends.com/cdn/11.12.1/data/en_US/champion/Lulu.json
Fetching (ddragon) https://ddragon.leagueoflegends.com/cdn/11.12.1/data/en_US/champion/Lux.json
Fetching (ddragon) https://ddragon.leagueoflegends.com/cdn/11.12.1/data/en_US/champion/Malphite.json
Fetching (ddragon) https://ddragon.leagueoflegends.com/cdn/11.12.1/data/en_US/champion/Malzahar.json
Fetching (ddragon) https://ddragon.leagueoflegends.com/cdn/11.12.1/data/en_US/champion/Maokai.json
Fetching (ddragon) https://ddragon.leagueoflegends.com/cdn/11.12.1/data/en_US/champion/MasterYi.json
Fetching (ddragon) https://ddragon.leagueoflegends.com/cdn/11.12.1/data/en_US/champion/MissFortune.json
Fetching (ddragon) https://ddragon.leagueoflegends.com/cdn/11.12.1/data/en_US/champion/MonkeyKing.json
Fetching (ddragon) https://ddragon.leagueoflegends.com/cdn/11.12.1/data/en_US/champion/Mordekaiser.json
Fetching (ddragon) https://ddragon.leagueoflegends.com/cdn/11.12.1/data/en_US/champion/Morgana.json
Fetching (ddragon) https://ddragon.leagueoflegends.com/cdn/11.12.1/data/en_US/champion/Nami.json
Fetching (ddragon) https://ddragon.leagueoflegends.com/cdn/11.12.1/data/en_US/champion/Nasus.json
Fetching (ddragon) https://ddragon.leagueoflegends.com/cdn/11.12.1/data/en_US/champion/Nautilus.json
Fetching (ddragon) https://ddragon.leagueoflegends.com/cdn/11.12.1/data/en_US/champion/Neeko.json
Fetching (ddragon) https://ddragon.leagueoflegends.com/cdn/11.12.1/data/en_US/champion/Nidalee.json
Fetching (ddragon) https://ddragon.leagueoflegends.com/cdn/11.12.1/data/en_US/champion/Nocturne.json
Fetching (ddragon) https://ddragon.leagueoflegends.com/cdn/11.12.1/data/en_US/champion/Nunu.json
Fetching (ddragon) https://ddragon.leagueoflegends.com/cdn/11.12.1/data/en_US/champion/Olaf.json
Fetching (ddragon) https://ddragon.leagueoflegends.com/cdn/11.12.1/data/en_US/champion/Orianna.json
Fetching (ddragon) https://ddragon.leagueoflegends.com/cdn/11.12.1/data/en_US/champion/Ornn.json
Fetching (ddragon) https://ddragon.leagueoflegends.com/cdn/11.12.1/data/en_US/champion/Pantheon.json
Fetching (ddragon) https://ddragon.leagueoflegends.com/cdn/11.12.1/data/en_US/champion/Poppy.json
Fetching (ddragon) https://ddragon.leagueoflegends.com/cdn/11.12.1/data/en_US/champion/Pyke.json
Fetching (ddragon) https://ddragon.leagueoflegends.com/cdn/11.12.1/data/en_US/champion/Qiyana.json
Fetching (ddragon) https://ddragon.leagueoflegends.com/cdn/11.12.1/data/en_US/champion/Quinn.json
Fetching (ddragon) https://ddragon.leagueoflegends.com/cdn/11.12.1/data/en_US/champion/Rakan.json
Fetching (ddragon) https://ddragon.leagueoflegends.com/cdn/11.12.1/data/en_US/champion/Rammus.json
Fetching (ddragon) https://ddragon.leagueoflegends.com/cdn/11.12.1/data/en_US/champion/RekSai.json
Fetching (ddragon) https://ddragon.leagueoflegends.com/cdn/11.12.1/data/en_US/champion/Rell.json
Fetching (ddragon) https://ddragon.leagueoflegends.com/cdn/11.12.1/data/en_US/champion/Renekton.json
Fetching (ddragon) https://ddragon.leagueoflegends.com/cdn/11.12.1/data/en_US/champion/Rengar.json
Fetching (ddragon) https://ddragon.leagueoflegends.com/cdn/11.12.1/data/en_US/champion/Riven.json
Fetching (ddragon) https://ddragon.leagueoflegends.com/cdn/11.12.1/data/en_US/champion/Rumble.json
Fetching (ddragon) https://ddragon.leagueoflegends.com/cdn/11.12.1/data/en_US/champion/Ryze.json
Fetching (ddragon) https://ddragon.leagueoflegends.com/cdn/11.12.1/data/en_US/champion/Samira.json
Fetching (ddragon) https://ddragon.leagueoflegends.com/cdn/11.12.1/data/en_US/champion/Sejuani.json
Fetching (ddragon) https://ddragon.leagueoflegends.com/cdn/11.12.1/data/en_US/champion/Senna.json
Fetching (ddragon) https://ddragon.leagueoflegends.com/cdn/11.12.1/data/en_US/champion/Seraphine.json
Fetching (ddragon) https://ddragon.leagueoflegends.com/cdn/11.12.1/data/en_US/champion/Sett.json
Fetching (ddragon) https://ddragon.leagueoflegends.com/cdn/11.12.1/data/en_US/champion/Shaco.json
Fetching (ddragon) https://ddragon.leagueoflegends.com/cdn/11.12.1/data/en_US/champion/Shen.json
Fetching (ddragon) https://ddragon.leagueoflegends.com/cdn/11.12.1/data/en_US/champion/Shyvana.json
Fetching (ddragon) https://ddragon.leagueoflegends.com/cdn/11.12.1/data/en_US/champion/Singed.json
Fetching (ddragon) https://ddragon.leagueoflegends.com/cdn/11.12.1/data/en_US/champion/Sion.json
Fetching (ddragon) https://ddragon.leagueoflegends.com/cdn/11.12.1/data/en_US/champion/Sivir.json
Fetching (ddragon) https://ddragon.leagueoflegends.com/cdn/11.12.1/data/en_US/champion/Skarner.json
Fetching (ddragon) https://ddragon.leagueoflegends.com/cdn/11.12.1/data/en_US/champion/Sona.json
Fetching (ddragon) https://ddragon.leagueoflegends.com/cdn/11.12.1/data/en_US/champion/Soraka.json
Fetching (ddragon) https://ddragon.leagueoflegends.com/cdn/11.12.1/data/en_US/champion/Swain.json
Fetching (ddragon) https://ddragon.leagueoflegends.com/cdn/11.12.1/data/en_US/champion/Sylas.json
Fetching (ddragon) https://ddragon.leagueoflegends.com/cdn/11.12.1/data/en_US/champion/Syndra.json
Fetching (ddragon) https://ddragon.leagueoflegends.com/cdn/11.12.1/data/en_US/champion/TahmKench.json
Fetching (ddragon) https://ddragon.leagueoflegends.com/cdn/11.12.1/data/en_US/champion/Taliyah.json
Fetching (ddragon) https://ddragon.leagueoflegends.com/cdn/11.12.1/data/en_US/champion/Talon.json
Fetching (ddragon) https://ddragon.leagueoflegends.com/cdn/11.12.1/data/en_US/champion/Taric.json
Fetching (ddragon) https://ddragon.leagueoflegends.com/cdn/11.12.1/data/en_US/champion/Teemo.json
Fetching (ddragon) https://ddragon.leagueoflegends.com/cdn/11.12.1/data/en_US/champion/Thresh.json
Fetching (ddragon) https://ddragon.leagueoflegends.com/cdn/11.12.1/data/en_US/champion/Tristana.json
Fetching (ddragon) https://ddragon.leagueoflegends.com/cdn/11.12.1/data/en_US/champion/Trundle.json
Fetching (ddragon) https://ddragon.leagueoflegends.com/cdn/11.12.1/data/en_US/champion/Tryndamere.json
Fetching (ddragon) https://ddragon.leagueoflegends.com/cdn/11.12.1/data/en_US/champion/TwistedFate.json
Fetching (ddragon) https://ddragon.leagueoflegends.com/cdn/11.12.1/data/en_US/champion/Twitch.json
Fetching (ddragon) https://ddragon.leagueoflegends.com/cdn/11.12.1/data/en_US/champion/Udyr.json
Fetching (ddragon) https://ddragon.leagueoflegends.com/cdn/11.12.1/data/en_US/champion/Urgot.json
Fetching (ddragon) https://ddragon.leagueoflegends.com/cdn/11.12.1/data/en_US/champion/Varus.json
Fetching (ddragon) https://ddragon.leagueoflegends.com/cdn/11.12.1/data/en_US/champion/Vayne.json
Fetching (ddragon) https://ddragon.leagueoflegends.com/cdn/11.12.1/data/en_US/champion/Veigar.json
Fetching (ddragon) https://ddragon.leagueoflegends.com/cdn/11.12.1/data/en_US/champion/Velkoz.json
Fetching (ddragon) https://ddragon.leagueoflegends.com/cdn/11.12.1/data/en_US/champion/Vi.json
Fetching (ddragon) https://ddragon.leagueoflegends.com/cdn/11.12.1/data/en_US/champion/Viego.json
Fetching (ddragon) https://ddragon.leagueoflegends.com/cdn/11.12.1/data/en_US/champion/Viktor.json
Fetching (ddragon) https://ddragon.leagueoflegends.com/cdn/11.12.1/data/en_US/champion/Vladimir.json
Fetching (ddragon) https://ddragon.leagueoflegends.com/cdn/11.12.1/data/en_US/champion/Volibear.json
Fetching (ddragon) https://ddragon.leagueoflegends.com/cdn/11.12.1/data/en_US/champion/Warwick.json
Fetching (ddragon) https://ddragon.leagueoflegends.com/cdn/11.12.1/data/en_US/champion/Xayah.json
Fetching (ddragon) https://ddragon.leagueoflegends.com/cdn/11.12.1/data/en_US/champion/Xerath.json
Fetching (ddragon) https://ddragon.leagueoflegends.com/cdn/11.12.1/data/en_US/champion/XinZhao.json
Fetching (ddragon) https://ddragon.leagueoflegends.com/cdn/11.12.1/data/en_US/champion/Yasuo.json
Fetching (ddragon) https://ddragon.leagueoflegends.com/cdn/11.12.1/data/en_US/champion/Yone.json
Fetching (ddragon) https://ddragon.leagueoflegends.com/cdn/11.12.1/data/en_US/champion/Yorick.json
Fetching (ddragon) https://ddragon.leagueoflegends.com/cdn/11.12.1/data/en_US/champion/Yuumi.json
Fetching (ddragon) https://ddragon.leagueoflegends.com/cdn/11.12.1/data/en_US/champion/Zac.json
Fetching (ddragon) https://ddragon.leagueoflegends.com/cdn/11.12.1/data/en_US/champion/Zed.json
Fetching (ddragon) https://ddragon.leagueoflegends.com/cdn/11.12.1/data/en_US/champion/Ziggs.json
Fetching (ddragon) https://ddragon.leagueoflegends.com/cdn/11.12.1/data/en_US/champion/Zilean.json
Fetching (ddragon) https://ddragon.leagueoflegends.com/cdn/11.12.1/data/en_US/champion/Zoe.json
Fetching (ddragon) https://ddragon.leagueoflegends.com/cdn/11.12.1/data/en_US/champion/Zyra.json
Awaiting all Promises
File got (wikia)  Aatrox
Creating skill I 0
Fetching (wiki): https://leagueoflegends.fandom.com/wiki/Template:Data_Aatrox/Deathbringer_Stance?action=edit
File got (wikia)  Alistar
Creating skill I 0
Fetching (wiki): https://leagueoflegends.fandom.com/wiki/Template:Data_Alistar/Triumphant_Roar?action=edit
File got (wikia)  Aphelios
Creating skill W 0
Fetching (wiki): https://leagueoflegends.fandom.com/wiki/Template:Data_Aphelios/Phase?action=edit
File got (wikia)  Caitlyn
Creating skill I 0
Fetching (wiki): https://leagueoflegends.fandom.com/wiki/Template:Data_Caitlyn/Headshot?action=edit
File got (wikia)  Ekko
Creating skill I 0
Fetching (wiki): https://leagueoflegends.fandom.com/wiki/Template:Data_Ekko/Z-Drive_Resonance?action=edit
File got (wikia)  Chogath
Creating skill I 0
Fetching (wiki): https://leagueoflegends.fandom.com/wiki/Template:Data_Cho'Gath/Carnivore?action=edit
File got (wikia)  Diana
Creating skill I 0
Fetching (wiki): https://leagueoflegends.fandom.com/wiki/Template:Data_Diana/Moonsilver_Blade?action=edit
File got (wikia)  Ahri
Creating skill I 0
Fetching (wiki): https://leagueoflegends.fandom.com/wiki/Template:Data_Ahri/Essence_Theft?action=edit
File got (wikia)  Amumu
Creating skill I 0
Fetching (wiki): https://leagueoflegends.fandom.com/wiki/Template:Data_Amumu/Cursed_Touch?action=edit
File got (wikia)  Darius
Creating skill I 0
Fetching (wiki): https://leagueoflegends.fandom.com/wiki/Template:Data_Darius/Hemorrhage?action=edit
File got (wikia)  Akali
Creating skill I 0
Fetching (wiki): https://leagueoflegends.fandom.com/wiki/Template:Data_Akali/Assassin's_Mark?action=edit
File got (wikia)  Jax
Creating skill I 0
Fetching (wiki): https://leagueoflegends.fandom.com/wiki/Template:Data_Jax/Relentless_Assault?action=edit
File got (wikia)  Leona
Creating skill I 0
Fetching (wiki): https://leagueoflegends.fandom.com/wiki/Template:Data_Leona/Sunlight?action=edit
File got (wikia)  Lux
Creating skill I 0
Fetching (wiki): https://leagueoflegends.fandom.com/wiki/Template:Data_Lux/Illumination?action=edit
File got (wikia)  Janna
Creating skill I 0
Fetching (wiki): https://leagueoflegends.fandom.com/wiki/Template:Data_Janna/Tailwind?action=edit
File got (wikia)  Ashe
Creating skill I 0
Fetching (wiki): https://leagueoflegends.fandom.com/wiki/Template:Data_Ashe/Frost_Shot?action=edit
File got (wikia)  Azir
Creating skill I 0
Fetching (wiki): https://leagueoflegends.fandom.com/wiki/Template:Data_Azir/Shurima's_Legacy?action=edit
File got (wikia)  DrMundo
Creating skill I 0
Fetching (wiki): https://leagueoflegends.fandom.com/wiki/Template:Data_Dr. Mundo/Goes_Where_He_Pleases?action=edit
File got (wikia)  Fiddlesticks
Creating skill I 0
Fetching (wiki): https://leagueoflegends.fandom.com/wiki/Template:Data_Fiddlesticks/A_Harmless_Scarecrow?action=edit
File got (wikia)  Irelia
Creating skill I 0
Fetching (wiki): https://leagueoflegends.fandom.com/wiki/Template:Data_Irelia/Ionian_Fervor?action=edit
File got (wikia)  Evelynn
Creating skill I 0
Fetching (wiki): https://leagueoflegends.fandom.com/wiki/Template:Data_Evelynn/Demon_Shade?action=edit
File got (wikia)  Hecarim
Creating skill I 0
Fetching (wiki): https://leagueoflegends.fandom.com/wiki/Template:Data_Hecarim/Warpath?action=edit
File got (wikia)  Camille
Creating skill I 0
Fetching (wiki): https://leagueoflegends.fandom.com/wiki/Template:Data_Camille/Adaptive_Defenses?action=edit
File got (wikia)  Braum
Creating skill I 0
Fetching (wiki): https://leagueoflegends.fandom.com/wiki/Template:Data_Braum/Concussive_Blows?action=edit
File got (wikia)  Corki
Creating skill I 0
Fetching (wiki): https://leagueoflegends.fandom.com/wiki/Template:Data_Corki/Hextech_Munitions?action=edit
File got (wikia)  Anivia
Creating skill I 0
Fetching (wiki): https://leagueoflegends.fandom.com/wiki/Template:Data_Anivia/Rebirth?action=edit
File got (wikia)  Draven
Creating skill I 0
Fetching (wiki): https://leagueoflegends.fandom.com/wiki/Template:Data_Draven/League_of_Draven?action=edit
File got (wikia)  LeeSin
Creating skill I 0
Fetching (wiki): https://leagueoflegends.fandom.com/wiki/Template:Data_Lee Sin/Flurry?action=edit
File got (wikia)  Fiora
Creating skill I 0
Fetching (wiki): https://leagueoflegends.fandom.com/wiki/Template:Data_Fiora/Duelist's_Dance?action=edit
File got (wikia)  Cassiopeia
Creating skill I 0
Fetching (wiki): https://leagueoflegends.fandom.com/wiki/Template:Data_Cassiopeia/Serpentine_Grace?action=edit
File got (wikia)  Ezreal
Creating skill I 0
Fetching (wiki): https://leagueoflegends.fandom.com/wiki/Template:Data_Ezreal/Rising_Spell_Force?action=edit
File got (wikia)  Ivern
Creating skill I 0
Fetching (wiki): https://leagueoflegends.fandom.com/wiki/Template:Data_Ivern/Friend_of_the_Forest?action=edit
File got (wikia)  Leblanc
Creating skill I 0
Fetching (wiki): https://leagueoflegends.fandom.com/wiki/Template:Data_LeBlanc/Mirror_Image?action=edit
File got (wikia)  Lulu
Creating skill I 0
Fetching (wiki): https://leagueoflegends.fandom.com/wiki/Template:Data_Lulu/Pix,_Faerie_Companion?action=edit
File got (wikia)  Lissandra
Creating skill I 0
Fetching (wiki): https://leagueoflegends.fandom.com/wiki/Template:Data_Lissandra/Iceborn_Subjugation?action=edit
File got (wikia)  JarvanIV
Creating skill I 0
Fetching (wiki): https://leagueoflegends.fandom.com/wiki/Template:Data_Jarvan IV/Martial_Cadence?action=edit
File got (wikia)  Heimerdinger
Creating skill I 0
Fetching (wiki): https://leagueoflegends.fandom.com/wiki/Template:Data_Heimerdinger/Hextech_Affinity?action=edit
File got (wikia)  Nocturne
Creating skill I 0
Fetching (wiki): https://leagueoflegends.fandom.com/wiki/Template:Data_Nocturne/Umbra_Blades?action=edit
File got (wikia)  Nautilus
Creating skill I 0
Fetching (wiki): https://leagueoflegends.fandom.com/wiki/Template:Data_Nautilus/Staggering_Blow?action=edit
File got (wikia)  Qiyana
Creating skill I 0
Fetching (wiki): https://leagueoflegends.fandom.com/wiki/Template:Data_Qiyana/Royal_Privilege?action=edit
File got (wikia)  Sejuani
Creating skill I 0
Fetching (wiki): https://leagueoflegends.fandom.com/wiki/Template:Data_Sejuani/Fury_of_the_North?action=edit
File got (wikia)  Sett
Creating skill I 0
Fetching (wiki): https://leagueoflegends.fandom.com/wiki/Template:Data_Sett/Pit_Grit?action=edit
File got (wikia)  Ornn
Creating skill I 0
Fetching (wiki): https://leagueoflegends.fandom.com/wiki/Template:Data_Ornn/Living_Forge?action=edit
File got (wikia)  Olaf
Creating skill I 0
Fetching (wiki): https://leagueoflegends.fandom.com/wiki/Template:Data_Olaf/Berserker_Rage?action=edit
File got (wikia)  Poppy
Creating skill I 0
Fetching (wiki): https://leagueoflegends.fandom.com/wiki/Template:Data_Poppy/Iron_Ambassador?action=edit
File got (wikia)  Neeko
Creating skill I 0
Fetching (wiki): https://leagueoflegends.fandom.com/wiki/Template:Data_Neeko/Inherent_Glamour?action=edit
File got (wikia)  Twitch
Creating skill I 0
Fetching (wiki): https://leagueoflegends.fandom.com/wiki/Template:Data_Twitch/Deadly_Venom?action=edit
File got (wikia)  Pantheon
Creating skill I 0
Fetching (wiki): https://leagueoflegends.fandom.com/wiki/Template:Data_Pantheon/Mortal_Will?action=edit
File got (wikia)  Illaoi
Creating skill I 0
Fetching (wiki): https://leagueoflegends.fandom.com/wiki/Template:Data_Illaoi/Prophet_of_an_Elder_God?action=edit
File got (wikia)  Pyke
Creating skill I 0
Fetching (wiki): https://leagueoflegends.fandom.com/wiki/Template:Data_Pyke/Gift_of_the_Drowned_Ones?action=edit
File got (wikia)  Nidalee
Creating skill I 0
Fetching (wiki): https://leagueoflegends.fandom.com/wiki/Template:Data_Nidalee/Prowl?action=edit
File got (wikia)  Nami
Creating skill I 0
Fetching (wiki): https://leagueoflegends.fandom.com/wiki/Template:Data_Nami/Surging_Tides?action=edit
File got (wikia)  Annie
Creating skill I 0
Fetching (wiki): https://leagueoflegends.fandom.com/wiki/Template:Data_Annie/Pyromania?action=edit
File got (wikia)  Shen
Creating skill I 0
Fetching (wiki): https://leagueoflegends.fandom.com/wiki/Template:Data_Shen/Ki_Barrier?action=edit
File got (wikia)  TwistedFate
Creating skill I 0
Fetching (wiki): https://leagueoflegends.fandom.com/wiki/Template:Data_Twisted Fate/Loaded_Dice?action=edit
File got (wikia)  Senna
Creating skill I 0
Fetching (wiki): https://leagueoflegends.fandom.com/wiki/Template:Data_Senna/Absolution?action=edit
File got (wikia)  Trundle
Creating skill I 0
Fetching (wiki): https://leagueoflegends.fandom.com/wiki/Template:Data_Trundle/King's_Tribute?action=edit
File got (wikia)  Quinn
Creating skill I 0
Fetching (wiki): https://leagueoflegends.fandom.com/wiki/Template:Data_Quinn/Harrier?action=edit
File got (wikia)  Shyvana
Creating skill I 0
Fetching (wiki): https://leagueoflegends.fandom.com/wiki/Template:Data_Shyvana/Fury_of_the_Dragonborn?action=edit
File got (wikia)  Ziggs
Creating skill I 0
Fetching (wiki): https://leagueoflegends.fandom.com/wiki/Template:Data_Ziggs/Short_Fuse?action=edit
File got (wikia)  Xayah
Creating skill I 0
Fetching (wiki): https://leagueoflegends.fandom.com/wiki/Template:Data_Xayah/Clean_Cuts?action=edit
File got (wikia)  Jinx
Creating skill I 0
Fetching (wiki): https://leagueoflegends.fandom.com/wiki/Template:Data_Jinx/Get_Excited!?action=edit
File got (wikia)  Seraphine
Creating skill I 0
Fetching (wiki): https://leagueoflegends.fandom.com/wiki/Template:Data_Seraphine/Stage_Presence?action=edit
File got (wikia)  Samira
Creating skill I 0
Fetching (wiki): https://leagueoflegends.fandom.com/wiki/Template:Data_Samira/Daredevil_Impulse?action=edit
File got (wikia)  Zyra
Creating skill I 0
Fetching (wiki): https://leagueoflegends.fandom.com/wiki/Template:Data_Zyra/Garden_of_Thorns?action=edit
File got (wikia)  Urgot
Creating skill I 0
Fetching (wiki): https://leagueoflegends.fandom.com/wiki/Template:Data_Urgot/Echoing_Flames?action=edit
File got (wikia)  Bard
Creating skill I 0
Fetching (wiki): https://leagueoflegends.fandom.com/wiki/Template:Data_Bard/Traveler's_Call?action=edit
File got (wikia)  Brand
Creating skill I 0
Fetching (wiki): https://leagueoflegends.fandom.com/wiki/Template:Data_Brand/Blaze?action=edit
File got (wikia)  Blitzcrank
Creating skill I 0
Fetching (wiki): https://leagueoflegends.fandom.com/wiki/Template:Data_Blitzcrank/Mana_Barrier?action=edit
File got (wikia)  AurelionSol
Creating skill I 0
Fetching (wiki): https://leagueoflegends.fandom.com/wiki/Template:Data_Aurelion Sol/Center_of_the_Universe?action=edit
File got (wikia)  Galio
Creating skill I 0
Fetching (wiki): https://leagueoflegends.fandom.com/wiki/Template:Data_Galio/Colossal_Smash?action=edit
File got (wikia)  Graves
Creating skill I 0
Fetching (wiki): https://leagueoflegends.fandom.com/wiki/Template:Data_Graves/New_Destiny?action=edit
File got (wikia)  Kayle
Creating skill I 0
Fetching (wiki): https://leagueoflegends.fandom.com/wiki/Template:Data_Kayle/Divine_Ascent?action=edit
File got (wikia)  Katarina
Creating skill I 0
Fetching (wiki): https://leagueoflegends.fandom.com/wiki/Template:Data_Katarina/Voracity?action=edit
File got (wikia)  Gwen
Creating skill I 0
Fetching (wiki): https://leagueoflegends.fandom.com/wiki/Template:Data_Gwen/Thousand_Cuts?action=edit
File got (wikia)  Gragas
Creating skill I 0
Fetching (wiki): https://leagueoflegends.fandom.com/wiki/Template:Data_Gragas/Happy_Hour?action=edit
File got (wikia)  Kled
Creating skill I 0
Fetching (wiki): https://leagueoflegends.fandom.com/wiki/Template:Data_Kled/Dismounted_Skaarl_the_Cowardly_Lizard?action=edit
File got (wikia)  Kalista
Creating skill I 0
Fetching (wiki): https://leagueoflegends.fandom.com/wiki/Template:Data_Kalista/Martial_Poise?action=edit
File got (wikia)  KogMaw
Creating skill I 0
Fetching (wiki): https://leagueoflegends.fandom.com/wiki/Template:Data_Kog'Maw/Icathian_Surprise?action=edit
File got (wikia)  Jhin
Creating skill I 0
Fetching (wiki): https://leagueoflegends.fandom.com/wiki/Template:Data_Jhin/Whisper?action=edit
File got (wikia)  Karthus
Creating skill I 0
Fetching (wiki): https://leagueoflegends.fandom.com/wiki/Template:Data_Karthus/Death_Defied?action=edit
File got (wikia)  Kassadin
Creating skill I 0
Fetching (wiki): https://leagueoflegends.fandom.com/wiki/Template:Data_Kassadin/Void_Stone?action=edit
File got (wikia)  Kindred
Creating skill I 0
Fetching (wiki): https://leagueoflegends.fandom.com/wiki/Template:Data_Kindred/Mark_of_the_Kindred?action=edit
File got (wikia)  MasterYi
Creating skill I 0
Fetching (wiki): https://leagueoflegends.fandom.com/wiki/Template:Data_Master Yi/Double_Strike?action=edit
File got (wikia)  Lucian
Creating skill I 0
Fetching (wiki): https://leagueoflegends.fandom.com/wiki/Template:Data_Lucian/Lightslinger?action=edit
File got (wikia)  Elise
Creating skill I 0
Fetching (wiki): https://leagueoflegends.fandom.com/wiki/Template:Data_Elise/Spider_Queen?action=edit
File got (wikia)  Lillia
Creating skill I 0
Fetching (wiki): https://leagueoflegends.fandom.com/wiki/Template:Data_Lillia/Dream-Laden_Bough?action=edit
File got (wikia)  Nasus
Creating skill I 0
Fetching (wiki): https://leagueoflegends.fandom.com/wiki/Template:Data_Nasus/Soul_Eater?action=edit
File got (wikia)  Rakan
Creating skill I 0
Fetching (wiki): https://leagueoflegends.fandom.com/wiki/Template:Data_Rakan/Fey_Feathers?action=edit
File got (wikia)  Nunu
Creating skill I 0
Fetching (wiki): https://leagueoflegends.fandom.com/wiki/Template:Data_Nunu & Willump/Call_of_the_Freljord?action=edit
File got (wikia)  Tryndamere
Creating skill I 0
Fetching (wiki): https://leagueoflegends.fandom.com/wiki/Template:Data_Tryndamere/Battle_Fury?action=edit
File got (wikia)  Orianna
Creating skill I 0
Fetching (wiki): https://leagueoflegends.fandom.com/wiki/Template:Data_Orianna/Clockwork_Windup?action=edit
File got (wikia)  Gnar
Creating skill I 0
Fetching (wiki): https://leagueoflegends.fandom.com/wiki/Template:Data_Gnar/Rage_Gene?action=edit
File got (wikia)  Xerath
Creating skill I 0
Fetching (wiki): https://leagueoflegends.fandom.com/wiki/Template:Data_Xerath/Mana_Surge?action=edit
File got (wikia)  Garen
Creating skill I 0
Fetching (wiki): https://leagueoflegends.fandom.com/wiki/Template:Data_Garen/Perseverance?action=edit
File got (wikia)  Gangplank
Creating skill I 0
Fetching (wiki): https://leagueoflegends.fandom.com/wiki/Template:Data_Gangplank/Trial_by_Fire?action=edit
File got (wikia)  Khazix
Creating skill I 0
Fetching (wiki): https://leagueoflegends.fandom.com/wiki/Template:Data_Kha'Zix/Unseen_Threat?action=edit
File got (wikia)  Jayce
Creating skill I 0
Fetching (wiki): https://leagueoflegends.fandom.com/wiki/Template:Data_Jayce/Hextech_Capacitor?action=edit
File got (wikia)  Kennen
Creating skill I 0
Fetching (wiki): https://leagueoflegends.fandom.com/wiki/Template:Data_Kennen/Mark_of_the_Storm?action=edit
File got (wikia)  Fizz
Creating skill I 0
Fetching (wiki): https://leagueoflegends.fandom.com/wiki/Template:Data_Fizz/Nimble_Fighter?action=edit
File got (wikia)  Malphite
Creating skill I 0
Fetching (wiki): https://leagueoflegends.fandom.com/wiki/Template:Data_Malphite/Granite_Shield?action=edit
File got (wikia)  Kaisa
Creating skill I 0
Fetching (wiki): https://leagueoflegends.fandom.com/wiki/Template:Data_Kai'Sa/Second_Skin?action=edit
File got (wikia)  Karma
Creating skill I 0
Fetching (wiki): https://leagueoflegends.fandom.com/wiki/Template:Data_Karma/Gathering_Fire?action=edit
File got (wikia)  Maokai
Creating skill I 0
Fetching (wiki): https://leagueoflegends.fandom.com/wiki/Template:Data_Maokai/Sap_Magic?action=edit
File got (wikia)  MissFortune
Creating skill I 0
Fetching (wiki): https://leagueoflegends.fandom.com/wiki/Template:Data_Miss Fortune/Love_Tap?action=edit
File got (wikia)  Mordekaiser
Creating skill I 0
Fetching (wiki): https://leagueoflegends.fandom.com/wiki/Template:Data_Mordekaiser/Darkness_Rise?action=edit
File got (wikia)  Kayn
Creating skill I 0
Fetching (wiki): https://leagueoflegends.fandom.com/wiki/Template:Data_Kayn/The_Darkin_Scythe?action=edit
File got (wikia)  MonkeyKing
Creating skill I 0
Fetching (wiki): https://leagueoflegends.fandom.com/wiki/Template:Data_Wukong/Stone_Skin?action=edit
File got (wikia)  Rammus
Creating skill I 0
Fetching (wiki): https://leagueoflegends.fandom.com/wiki/Template:Data_Rammus/Spiked_Shell?action=edit
File got (wikia)  Syndra
Creating skill I 0
Fetching (wiki): https://leagueoflegends.fandom.com/wiki/Template:Data_Syndra/Transcendent?action=edit
File got (wikia)  Singed
Creating skill I 0
Fetching (wiki): https://leagueoflegends.fandom.com/wiki/Template:Data_Singed/Noxious_Slipstream?action=edit
File got (wikia)  Skarner
Creating skill I 0
Fetching (wiki): https://leagueoflegends.fandom.com/wiki/Template:Data_Skarner/Crystal_Spires?action=edit
File got (wikia)  Rengar
Creating skill I 0
Fetching (wiki): https://leagueoflegends.fandom.com/wiki/Template:Data_Rengar/Unseen_Predator?action=edit
File got (wikia)  Morgana
Creating skill I 0
Fetching (wiki): https://leagueoflegends.fandom.com/wiki/Template:Data_Morgana/Soul_Siphon?action=edit
File got (wikia)  Sona
Creating skill I 0
Fetching (wiki): https://leagueoflegends.fandom.com/wiki/Template:Data_Sona/Power_Chord?action=edit
File got (wikia)  Rumble
Creating skill I 0
Fetching (wiki): https://leagueoflegends.fandom.com/wiki/Template:Data_Rumble/Junkyard_Titan?action=edit
File got (wikia)  Soraka
Creating skill I 0
Fetching (wiki): https://leagueoflegends.fandom.com/wiki/Template:Data_Soraka/Salvation?action=edit
File got (wikia)  Sivir
Creating skill I 0
Fetching (wiki): https://leagueoflegends.fandom.com/wiki/Template:Data_Sivir/Fleet_of_Foot?action=edit
File got (wikia)  TahmKench
Creating skill I 0
Fetching (wiki): https://leagueoflegends.fandom.com/wiki/Template:Data_Tahm Kench/An_Acquired_Taste?action=edit
File got (wikia)  Yone
Creating skill I 0
Fetching (wiki): https://leagueoflegends.fandom.com/wiki/Template:Data_Yone/Way_of_the_Hunter?action=edit
File got (wikia)  Udyr
Creating skill I 0
Fetching (wiki): https://leagueoflegends.fandom.com/wiki/Template:Data_Udyr/Monkey's_Agility?action=edit
File got (wikia)  Vayne
Creating skill I 0
Fetching (wiki): https://leagueoflegends.fandom.com/wiki/Template:Data_Vayne/Night_Hunter?action=edit
File got (wikia)  XinZhao
Creating skill I 0
Fetching (wiki): https://leagueoflegends.fandom.com/wiki/Template:Data_Xin Zhao/Determination?action=edit
File got (wikia)  Zilean
Creating skill I 0
Fetching (wiki): https://leagueoflegends.fandom.com/wiki/Template:Data_Zilean/Time_in_a_Bottle?action=edit
File got (wikia)  Yasuo
Creating skill I 0
Fetching (wiki): https://leagueoflegends.fandom.com/wiki/Template:Data_Yasuo/Way_of_the_Wanderer?action=edit
File got (wikia)  Zoe
Creating skill I 0
Fetching (wiki): https://leagueoflegends.fandom.com/wiki/Template:Data_Zoe/More_Sparkles!?action=edit
File got (wikia)  Yorick
Creating skill I 0
Fetching (wiki): https://leagueoflegends.fandom.com/wiki/Template:Data_Yorick/Shepherd_of_Souls?action=edit
File got (wikia)  Shaco
Creating skill I 0
Fetching (wiki): https://leagueoflegends.fandom.com/wiki/Template:Data_Shaco/Backstab?action=edit
File got (wikia)  Ryze
Creating skill I 0
Fetching (wiki): https://leagueoflegends.fandom.com/wiki/Template:Data_Ryze/Arcane_Mastery?action=edit
File got (wikia)  Riven
Creating skill I 0
Fetching (wiki): https://leagueoflegends.fandom.com/wiki/Template:Data_Riven/Runic_Blade?action=edit
File got (wikia)  Sion
Creating skill I 0
Fetching (wiki): https://leagueoflegends.fandom.com/wiki/Template:Data_Sion/Glory_in_Death?action=edit
File got (wikia)  Sylas
Creating skill I 0
Fetching (wiki): https://leagueoflegends.fandom.com/wiki/Template:Data_Sylas/Petricite_Burst?action=edit
File got (wikia)  Thresh
Creating skill I 0
Fetching (wiki): https://leagueoflegends.fandom.com/wiki/Template:Data_Thresh/Damnation?action=edit
File got (wikia)  Velkoz
Creating skill I 0
Fetching (wiki): https://leagueoflegends.fandom.com/wiki/Template:Data_Vel'Koz/Organic_Deconstruction?action=edit
File got (wikia)  Vi
Creating skill I 0
Fetching (wiki): https://leagueoflegends.fandom.com/wiki/Template:Data_Vi/Blast_Shield?action=edit
File got (wikia)  Taliyah
Creating skill I 0
Fetching (wiki): https://leagueoflegends.fandom.com/wiki/Template:Data_Taliyah/Rock_Surfing?action=edit
File got (wikia)  Teemo
Creating skill I 0
Fetching (wiki): https://leagueoflegends.fandom.com/wiki/Template:Data_Teemo/Guerrilla_Warfare?action=edit
File got (wikia)  Vladimir
Creating skill I 0
Fetching (wiki): https://leagueoflegends.fandom.com/wiki/Template:Data_Vladimir/Crimson_Pact?action=edit
File got (wikia)  Warwick
Creating skill I 0
Fetching (wiki): https://leagueoflegends.fandom.com/wiki/Template:Data_Warwick/Eternal_Hunger?action=edit
File got (wikia)  Volibear
Creating skill I 0
Fetching (wiki): https://leagueoflegends.fandom.com/wiki/Template:Data_Volibear/The_Relentless_Storm?action=edit
File got (wikia)  Taric
Creating skill I 0
Fetching (wiki): https://leagueoflegends.fandom.com/wiki/Template:Data_Taric/Bravado?action=edit
File got (wikia)  Tristana
Creating skill I 0
Fetching (wiki): https://leagueoflegends.fandom.com/wiki/Template:Data_Tristana/Draw_a_Bead?action=edit
File got (wikia)  Veigar
Creating skill I 0
Fetching (wiki): https://leagueoflegends.fandom.com/wiki/Template:Data_Veigar/Phenomenal_Evil_Power?action=edit
File got (wikia)  Malzahar
Creating skill I 0
Fetching (wiki): https://leagueoflegends.fandom.com/wiki/Template:Data_Malzahar/Void_Shift?action=edit
File got (wikia)  Rell
Creating skill I 0
Fetching (wiki): https://leagueoflegends.fandom.com/wiki/Template:Data_Rell/Break_the_Mold?action=edit
File got (wikia)  RekSai
Creating skill I 0
Fetching (wiki): https://leagueoflegends.fandom.com/wiki/Template:Data_Rek'Sai/Fury_of_the_Xer'Sai?action=edit
File got (wikia)  Swain
Creating skill I 0
Fetching (wiki): https://leagueoflegends.fandom.com/wiki/Template:Data_Swain/Ravenous_Flock?action=edit
File got (wikia)  Yuumi
Creating skill I 0
Fetching (wiki): https://leagueoflegends.fandom.com/wiki/Template:Data_Yuumi/Bop_'n'_Block?action=edit
File got (wikia)  Zed
Creating skill I 0
Fetching (wiki): https://leagueoflegends.fandom.com/wiki/Template:Data_Zed/Contempt_for_the_Weak?action=edit
File got (wikia)  Zac
Creating skill I 0
Fetching (wiki): https://leagueoflegends.fandom.com/wiki/Template:Data_Zac/Cell_Division?action=edit
File got (wikia)  Renekton
Creating skill I 0
Fetching (wiki): https://leagueoflegends.fandom.com/wiki/Template:Data_Renekton/Reign_of_Anger?action=edit
File got (wikia)  Talon
Creating skill I 0
Fetching (wiki): https://leagueoflegends.fandom.com/wiki/Template:Data_Talon/Blade's_End?action=edit
File got (wikia)  Viego
Creating skill I 0
Fetching (wiki): https://leagueoflegends.fandom.com/wiki/Template:Data_Viego/Sovereign's_Domination?action=edit
File got (wikia)  Viktor
Creating skill I 0
Fetching (wiki): https://leagueoflegends.fandom.com/wiki/Template:Data_Viktor/Glorious_Evolution?action=edit
File got (wikia)  Varus
Creating skill I 0
Fetching (wiki): https://leagueoflegends.fandom.com/wiki/Template:Data_Varus/Living_Vengeance?action=edit
Match pp= pp|3;5;9;18|1 to 16 ==> [ 'pp', '3;5;9;18', '1 to 16' ] opt {}
