Processing: Galio.pass1.json
Taking spell: wikia_skill_i1
Taking spell: wikia_skill_q1
Taking spell: wikia_skill_w1
Taking spell: wikia_skill_w2
Taking spell: wikia_skill_e1
Taking spell: wikia_skill_r1
Processing: Nami.pass1.json
Taking spell: wikia_skill_i1
Taking spell: wikia_skill_q1
Taking spell: wikia_skill_w1
info: backtracing line_9 to leveling2 adding value -->{{st|Magic Damage|{{ap|70|110|150|190|230}} {{as|(+ 50% AP)}}}}
Taking spell: wikia_skill_e1
info: backtracing line_8 to leveling adding value -->{{st|Slow|{{ap|15|20|25|30|35%}} {{as|(+ 5% per 100 AP)}}}}
Taking spell: wikia_skill_r1
info: backtracing line_8 to leveling adding value -->{{st|Slow|{{ap|50|60|70%}}}}
Processing: Ryze.pass1.json
Taking spell: wikia_skill_i1
Taking spell: wikia_skill_q1
Taking spell: wikia_skill_q2
Taking spell: wikia_skill_q3
Taking spell: wikia_skill_q4
Taking spell: wikia_skill_q5
Taking spell: wikia_skill_w1
Taking spell: wikia_skill_e1
Taking spell: wikia_skill_r1
Processing: Diana.pass1.json
Taking spell: wikia_skill_i1
Taking spell: wikia_skill_q1
Taking spell: wikia_skill_w1
Taking spell: wikia_skill_e1
Taking spell: wikia_skill_r1
Processing: Zilean.pass1.json
Taking spell: wikia_skill_i1
Taking spell: wikia_skill_q1
Taking spell: wikia_skill_w1
Taking spell: wikia_skill_e1
Taking spell: wikia_skill_r1
Processing: Anivia.pass1.json
Taking spell: wikia_skill_i1
Taking spell: wikia_skill_q1
info: backtracing line_10 to leveling2 adding value -->{{st|Stun Duration|{{ap|1.1 to 1.5}}}}
Taking spell: wikia_skill_w1
Taking spell: wikia_skill_e1
Taking spell: wikia_skill_r1
info: backtracing line_8 to leveling adding value -->{{st|Slow|{{ap|20 to 40 3}}%|Empowered Slow|{{ap|20*1.5 to 40*1.5 3}}%}}
Processing: Darius.pass1.json
Taking spell: wikia_skill_i1
Taking spell: wikia_skill_q1
Taking spell: wikia_skill_w1
Taking spell: wikia_skill_e1
Taking spell: wikia_skill_r1
Processing: Riven.pass1.json
Taking spell: wikia_skill_i1
Taking spell: wikia_skill_q1
Taking spell: wikia_skill_w1
Taking spell: wikia_skill_e1
Taking spell: wikia_skill_r1
Taking spell: wikia_skill_r2
Processing: Hecarim.pass1.json
Taking spell: wikia_skill_i1
Taking spell: wikia_skill_q1
Taking spell: wikia_skill_w1
Taking spell: wikia_skill_e1
Taking spell: wikia_skill_r1
Processing: Malzahar.pass1.json
Taking spell: wikia_skill_i1
Taking spell: wikia_skill_q1
info: backtracing line_8 to leveling adding value {{st|Silence Duration|{{ap|1 to 2}}}}
Taking spell: wikia_skill_w1
Taking spell: wikia_skill_e1
Taking spell: wikia_skill_r1
Processing: Orianna.pass1.json
Taking spell: wikia_skill_i1
Taking spell: wikia_skill_i2
Taking spell: wikia_skill_q1
Taking spell: wikia_skill_w1
Taking spell: wikia_skill_e1
info: backtracing line_10 to leveling2 adding value -->{{st|Shield Strength|{{ap|60 to 220}} {{as|(+ 40% AP)}}}}
Taking spell: wikia_skill_r1
Processing: Shen.pass1.json
Taking spell: wikia_skill_i1
Taking spell: wikia_skill_q1
Taking spell: wikia_skill_q2
Taking spell: wikia_skill_q3
Taking spell: wikia_skill_w1
Taking spell: wikia_skill_e1
Taking spell: wikia_skill_r1
Taking spell: wikia_skill_r2
Processing: Twitch.pass1.json
Taking spell: wikia_skill_i1
Taking spell: wikia_skill_q1
Taking spell: wikia_skill_q2
Taking spell: wikia_skill_q3
Taking spell: wikia_skill_w1
Taking spell: wikia_skill_e1
info: backtracing line_8 to leveling adding value -->{{st|Minimum Damage|{{ap|20+15 to 60+35}} {{as|(+ 35% '''bonus''' AD)}} {{as|(+ 20% AP)}}|Maximum Damage|{{ap|20+15*6 to 60+35*6}} {{as|(+ 210% '''bonus''' AD)}} {{as|(+ 120% AP)}}}}
Taking spell: wikia_skill_r1
Processing: Soraka.pass1.json
Taking spell: wikia_skill_i1
Taking spell: wikia_skill_q1
Taking spell: wikia_skill_w1
Taking spell: wikia_skill_e1
Taking spell: wikia_skill_r1
Processing: Corki.pass1.json
Taking spell: wikia_skill_i1
Taking spell: wikia_skill_i2
Taking spell: wikia_skill_q1
Taking spell: wikia_skill_w1
Taking spell: wikia_skill_w2
Taking spell: wikia_skill_e1
Taking spell: wikia_skill_r1
Taking spell: wikia_skill_r2
Processing: Tristana.pass1.json
Taking spell: wikia_skill_i1
Taking spell: wikia_skill_q1
Taking spell: wikia_skill_w1
info: backtracing line_8 to leveling adding value -->{{st|Slow Duration|{{ap|1|1.5|2|2.5|3}}}}
Taking spell: wikia_skill_e1
Taking spell: wikia_skill_r1
info: backtracing line_8 to leveling adding value -->{{st|Knockback Distance|{{ap|600|800|1000}}}}
Processing: Akali.pass1.json
Taking spell: wikia_skill_i1
Taking spell: wikia_skill_q1
Taking spell: wikia_skill_w1
info: backtracing line_9 to leveling adding value {{st|Base Duration|{{ap|5 to 7}}}}
Taking spell: wikia_skill_e1
Taking spell: wikia_skill_r1
Processing: Lissandra.pass1.json
Taking spell: wikia_skill_i1
Taking spell: wikia_skill_q1
info: backtracing line_8 to leveling adding value {{st|Slow|{{ap|16 to 28}}%}}
Taking spell: wikia_skill_w1
info: backtracing line_8 to leveling adding value -->{{st|Root Duration|{{ap|1.1 to 1.5}}}}
Taking spell: wikia_skill_e1
Taking spell: wikia_skill_r1
info: backtracing line_11 to leveling3 adding value {{st|Slow|{{ap|30 to 75 3}}%}}
Processing: Zoe.pass1.json
Taking spell: wikia_skill_i1
Taking spell: wikia_skill_q1
Taking spell: wikia_skill_q2
Taking spell: wikia_skill_w1
info: backtracing line_11 to leveling4 adding value -->{{st|Bonus Movement Speed Duration|{{ap|2|2.25|2.5|2.75|3}}}}<!--
info: backtracing line_12 to leveling4 adding value -->{{st|Total Magic Damage|{{ap|75|105|135|165|195}} {{as|(+ 40% AP)}}|Magic Damage Per Orb|{{ap|25|35|45|55|65}} {{as|(+ {{fd|13.{{Recurring|3}}}}% AP)}}}}
Taking spell: wikia_skill_e1
info: backtracing line_9 to leveling2 adding value {{st|Magic Damage|{{ap|60 to 220}} {{as|(+ 40% AP)}}}}
Taking spell: wikia_skill_r1
Processing: Sona.pass1.json
Taking spell: wikia_skill_i1
Taking spell: wikia_skill_q1
Taking spell: wikia_skill_w1
Taking spell: wikia_skill_e1
Taking spell: wikia_skill_r1
Processing: Vi.pass1.json
Taking spell: wikia_skill_i1
Taking spell: wikia_skill_q1
Taking spell: wikia_skill_w1
Taking spell: wikia_skill_w2
Taking spell: wikia_skill_e1
warn: long key found spelleffects-false The enhanced attack
Taking spell: wikia_skill_e2
warn: long key found spelleffects-false The enhanced attack
Taking spell: wikia_skill_r1
Processing: Bard.pass1.json
Taking spell: wikia_skill_i1
Taking spell: wikia_skill_i2
Taking spell: wikia_skill_q1
Taking spell: wikia_skill_w1
Taking spell: wikia_skill_e1
Taking spell: wikia_skill_r1
Processing: Rammus.pass1.json
Taking spell: wikia_skill_i1
Taking spell: wikia_skill_q1
info: backtracing line_9 to leveling2 adding value {{st|Slow|{{ap|40 to 80}}%}}
Taking spell: wikia_skill_w1
info: backtracing line_8 to leveling adding value {{st|Bonus Magic Resistance|10 {{as|(+ {{ap|30 to 50}}% '''total''' magic resistance)}}}}
Taking spell: wikia_skill_e1
info: backtracing line_8 to leveling adding value -->{{st|Bonus Attack Speed|{{ap|20 to 40}}%}}
Taking spell: wikia_skill_r1
info: backtracing line_8 to leveling adding value -->{{st|Structure Magic Damage Per Second|{{ap|40*2 to 120*2 3}} {{as|(+ 40% AP)}}|Structure Total Magic Damage|{{ap|40*2*8 to 120*2*8 3}} {{as|(+ 320% AP)}}}}
Processing: RekSai.pass1.json
Taking spell: wikia_skill_i1
Taking spell: wikia_skill_q1
Taking spell: wikia_skill_q2
Taking spell: wikia_skill_w1
Taking spell: wikia_skill_w2
Taking spell: wikia_skill_e1
Taking spell: wikia_skill_e2
Taking spell: wikia_skill_r1
Processing: Amumu.pass1.json
Taking spell: wikia_skill_i1
Taking spell: wikia_skill_q1
Taking spell: wikia_skill_w1
Taking spell: wikia_skill_e1
Taking spell: wikia_skill_r1
Processing: Varus.pass1.json
Taking spell: wikia_skill_i1
Taking spell: wikia_skill_q1
info: backtracing line_11 to leveling3 adding value -->{{st|Maximum Physical Damage|{{ap|15|70|125|180|235}} {{as|(+ 165% AD)}}|Maximum Fully Reduced Damage|{{ap|5|23.3|41.7|60|78.3}} {{as|(+ {{fd|54.45}}% AD)}}}}
Taking spell: wikia_skill_w1
Taking spell: wikia_skill_e1
Taking spell: wikia_skill_r1
Processing: Taliyah.pass1.json
Taking spell: wikia_skill_i1
Taking spell: wikia_skill_q1
Taking spell: wikia_skill_q2
Taking spell: wikia_skill_w1
Taking spell: wikia_skill_w2
warning: empty spell
Taking spell: wikia_skill_e1
Taking spell: wikia_skill_r1
Taking spell: wikia_skill_r2
Processing: Fiora.pass1.json
Taking spell: wikia_skill_i1
Taking spell: wikia_skill_i2
Taking spell: wikia_skill_q1
Taking spell: wikia_skill_w1
Taking spell: wikia_skill_e1
Taking spell: wikia_skill_r1
Taking spell: wikia_skill_r2
Processing: TahmKench.pass1.json
Taking spell: wikia_skill_i1
Taking spell: wikia_skill_q1
info: backtracing line_8 to leveling adding value {{st|Slow|{{ap|30 to 70}}%}}
Taking spell: wikia_skill_w1
Taking spell: wikia_skill_w2
Taking spell: wikia_skill_e1
Taking spell: wikia_skill_r1
Taking spell: wikia_skill_r2
Processing: LeeSin.pass1.json
Taking spell: wikia_skill_i1
Taking spell: wikia_skill_q1
Taking spell: wikia_skill_q2
Taking spell: wikia_skill_w1
Taking spell: wikia_skill_w2
Taking spell: wikia_skill_e1
Taking spell: wikia_skill_e2
Taking spell: wikia_skill_r1
Processing: Sion.pass1.json
Taking spell: wikia_skill_i1
Taking spell: wikia_skill_i2
Taking spell: wikia_skill_q1
info: backtracing line_2 to name adding value -->{{#vardefine:b1|20}}<!--Minimum Champion Base Rank 1 Damage
info: backtracing line_3 to name adding value -->{{#vardefine:b2|100}}<!--Minimum Champion Base Rank 5 Damage
info: backtracing line_4 to name adding value -->{{#vardefine:r1|45}}<!--Minimum Champion Ratio Rank 1 Damage
info: backtracing line_5 to name adding value -->{{#vardefine:r2|75}}<!--Minimum Champion Ratio Rank 5 Damage
info: backtracing line_6 to name adding value -->{{{{{1<noinclude>|Ability data</noinclude>}}}|Decimating Smash|{{{2|}}}|{{{3|}}}|{{{4|}}}|{{{5|}}}
info: backtracing line_16 to leveling3 adding value -->{{st|Minimum Minion Damage|{{ap|{{#var:b1}}*0.6 to {{#var:b2}}*0.6}} {{as|(+ {{ap|{{#var:r1}}*0.6 to {{#var:r2}}*0.6}}% AD)}}|Maximum Minion Damage|{{ap|{{#var:b1}}*0.6*3 to {{#var:b2}}*0.6*3}} {{as|(+ {{ap|{{#var:r1}}*0.6*3 to {{#var:r2}}*0.6*3}}% AD)}}}}
Taking spell: wikia_skill_w1
Taking spell: wikia_skill_w2
Taking spell: wikia_skill_e1
info: backtracing line_9 to leveling adding value -->{{st|Slow|{{ap|40 to 60}}%}}
Taking spell: wikia_skill_r1
info: backtracing line_11 to leveling3 adding value {{st|Slow|{{ap|40|45|50}}%}}
Taking spell: wikia_skill_r2
info: backtracing line_11 to leveling3 adding value {{st|Slow|{{ap|40|45|50}}%}}
Processing: Xayah.pass1.json
Taking spell: wikia_skill_i1
Taking spell: wikia_skill_i2
Taking spell: wikia_skill_q1
Taking spell: wikia_skill_w1
Taking spell: wikia_skill_e1
Taking spell: wikia_skill_r1
Processing: Alistar.pass1.json
Taking spell: wikia_skill_i1
Taking spell: wikia_skill_q1
Taking spell: wikia_skill_w1
Taking spell: wikia_skill_e1
Taking spell: wikia_skill_r1
Processing: Teemo.pass1.json
Taking spell: wikia_skill_i1
Taking spell: wikia_skill_q1
Taking spell: wikia_skill_w1
Taking spell: wikia_skill_e1
info: backtracing line_10 to leveling2 adding value -->{{st|Total Magic Damage in a Single Hit|{{ap|10+6*4 to 50+30*4}} {{as|(+ 70% AP)}}}}
Taking spell: wikia_skill_r1
Processing: Kalista.pass1.json
Taking spell: wikia_skill_i1
info: backtracing line_7 to description adding value * Use only {{as|90% attack damage}}.
info: backtracing line_8 to description adding value * Miss if she loses {{tip|sight}} of her target before they hit.
info: backtracing line_9 to description adding value * Cannot cancel their wind-up, but can select a new target within range.
info: backtracing line_10 to description adding value * Make her {{tip|dash|lunge}} in the target direction after issuing a movement command during a wind-up or right after casting {{ai|Pierce|Kalista}}. The lunge distance scales with her boots tier.
Taking spell: wikia_skill_q1
Taking spell: wikia_skill_w1
Taking spell: wikia_skill_e1
info: backtracing line_9 to leveling2 adding value {{st|Slow|{{ap|25 to 45}}%}}
Taking spell: wikia_skill_r1
Processing: Cassiopeia.pass1.json
Taking spell: wikia_skill_i1
Taking spell: wikia_skill_q1
Taking spell: wikia_skill_w1
Taking spell: wikia_skill_e1
Taking spell: wikia_skill_r1
Processing: DrMundo.pass1.json
Taking spell: wikia_skill_i1
Taking spell: wikia_skill_q1
Taking spell: wikia_skill_w1
Taking spell: wikia_skill_e1
Taking spell: wikia_skill_r1
Processing: Janna.pass1.json
Taking spell: wikia_skill_i1
Taking spell: wikia_skill_q1
info: backtracing line_8 to leveling adding value -->{{st|Bonus Magic Damage Per Second|{{ap|15 to 35}} {{as|(+ 10% AP)}}|Maximum Magic Damage|{{ap|60+15*3 to 160+35*3}} {{as|(+ 65% AP)}}}}
Taking spell: wikia_skill_w1
info: backtracing line_10 to leveling2 adding value -->{{st|Slow|{{ap|24 to 40}}% {{as|(+ 6% per 100 AP)}}}}
Taking spell: wikia_skill_e1
Taking spell: wikia_skill_r1
Processing: Ezreal.pass1.json
Taking spell: wikia_skill_i1
Taking spell: wikia_skill_q1
Taking spell: wikia_skill_w1
Taking spell: wikia_skill_e1
Taking spell: wikia_skill_r1
Processing: Jinx.pass1.json
Taking spell: wikia_skill_i1
Taking spell: wikia_skill_q1
Taking spell: wikia_skill_q2
warning: empty spell
Taking spell: wikia_skill_q3
Taking spell: wikia_skill_w1
info: backtracing line_8 to leveling adding value -->{{st|Slow|{{ap|30|40|50|60|70}}%}}
Taking spell: wikia_skill_e1
Taking spell: wikia_skill_e2
Taking spell: wikia_skill_r1
info: backtracing line_9 to leveling2 adding value {{st|Min. Physical Damage|{{ap|25|35|45}} {{as|(+ 15% '''bonus''' AD)}} {{as|(+ {{ap|25|30|35}}% of target's '''missing''' health)}}|Max. Physical Damage|{{ap|250|350|450}} {{as|(+ 150% '''bonus''' AD)}} {{as|(+ {{ap|25|30|35}}% of target's '''missing''' health)}}}}<!--
info: backtracing line_10 to leveling2 adding value -->{{st|Min. Secondary Damage|{{ap|20|28|36}} {{as|(+ 12% '''bonus''' AD)}} {{as|(+ {{ap|20|24|28}}% of target's '''missing''' health}}|Max. Secondary Damage|{{ap|200|280|360}} {{as|(+ 120% '''bonus''' AD)}} {{as|(+ {{ap|20|24|28}}% of target's '''missing''' health}}}}
Processing: Garen.pass1.json
Taking spell: wikia_skill_i1
Taking spell: wikia_skill_q1
Taking spell: wikia_skill_w1
Taking spell: wikia_skill_e1
Taking spell: wikia_skill_e2
Taking spell: wikia_skill_r1
Processing: Trundle.pass1.json
Taking spell: wikia_skill_i1
Taking spell: wikia_skill_q1
Taking spell: wikia_skill_w1
info: backtracing line_8 to leveling adding value {{st|Bonus Movement Speed|{{ap|20 to 40}}%}}
Taking spell: wikia_skill_e1
Taking spell: wikia_skill_r1
warn: long key found spelleffects-single The initial damage
Processing: Camille.pass1.json
Taking spell: wikia_skill_i1
Taking spell: wikia_skill_q1
Taking spell: wikia_skill_q2
Taking spell: wikia_skill_q3
Taking spell: wikia_skill_w1
Taking spell: wikia_skill_e1
Taking spell: wikia_skill_e2
Taking spell: wikia_skill_r1
Processing: Kassadin.pass1.json
Taking spell: wikia_skill_i1
Taking spell: wikia_skill_q1
Taking spell: wikia_skill_w1
info: backtracing line_9 to leveling2 adding value -->{{st|Mana Restored|{{as|{{ap|4|5|6|7|8}}% of '''missing''' mana}}|Mana Restored Against Champions|{{as|{{ap|20|25|30|35|40}}% of '''missing''' mana}}}}
Taking spell: wikia_skill_e1
info: backtracing line_9 to leveling2 adding value -->{{st|Slow|{{ap|50 to 90}}%}}
Taking spell: wikia_skill_r1
Processing: Gragas.pass1.json
Taking spell: wikia_skill_i1
Taking spell: wikia_skill_q1
Taking spell: wikia_skill_q2
Taking spell: wikia_skill_w1
Taking spell: wikia_skill_w2
Taking spell: wikia_skill_e1
Taking spell: wikia_skill_r1
Processing: Yorick.pass1.json
Taking spell: wikia_skill_i1
Taking spell: wikia_skill_q1
Taking spell: wikia_skill_q2
Taking spell: wikia_skill_w1
Taking spell: wikia_skill_e1
Taking spell: wikia_skill_r1
Processing: Nautilus.pass1.json
Taking spell: wikia_skill_i1
Taking spell: wikia_skill_q1
Taking spell: wikia_skill_w1
Taking spell: wikia_skill_e1
info: backtracing line_8 to leveling adding value -->{{st|Slow|{{ap|30|35|40|45|50%}}}}
Taking spell: wikia_skill_r1
info: backtracing line_8 to leveling adding value {{st|Stun Duration|{{ap|1|1.5|2}}}}
Taking spell: wikia_skill_r2
info: backtracing line_8 to leveling adding value {{st|Stun Duration|{{ap|1|1.5|2}}}}
Processing: Poppy.pass1.json
Taking spell: wikia_skill_i1
Taking spell: wikia_skill_i2
Taking spell: wikia_skill_q1
Taking spell: wikia_skill_w1
Taking spell: wikia_skill_w2
Taking spell: wikia_skill_e1
Taking spell: wikia_skill_r1
Processing: Rakan.pass1.json
Taking spell: wikia_skill_i1
Taking spell: wikia_skill_i2
Taking spell: wikia_skill_q1
Taking spell: wikia_skill_w1
Taking spell: wikia_skill_e1
Taking spell: wikia_skill_e2
Taking spell: wikia_skill_r1
info: backtracing line_8 to leveling adding value -->{{st|Charm Duration|{{ap|1|1.25|1.5}}}}
Processing: Kennen.pass1.json
Taking spell: wikia_skill_i1
Taking spell: wikia_skill_q1
Taking spell: wikia_skill_w1
Taking spell: wikia_skill_e1
Taking spell: wikia_skill_r1
Processing: Nocturne.pass1.json
Taking spell: wikia_skill_i1
Taking spell: wikia_skill_q1
info: backtracing line_10 to leveling2 adding value -->{{st|Bonus AD|{{as|{{ap|20 to 60}}|AD}}}}
Taking spell: wikia_skill_w1
Taking spell: wikia_skill_e1
Taking spell: wikia_skill_r1
Processing: Illaoi.pass1.json
Taking spell: wikia_skill_i1
Taking spell: wikia_skill_q1
Taking spell: wikia_skill_w1
Taking spell: wikia_skill_e1
Taking spell: wikia_skill_e2
Taking spell: wikia_skill_r1
Processing: Shyvana.pass1.json
Taking spell: wikia_skill_i1
Taking spell: wikia_skill_q1
Taking spell: wikia_skill_w1
info: backtracing line_8 to leveling adding value -->{{st|Magic Damage Per Second|{{ap|20 to 70}} {{as|(+ 20% '''bonus''' AD)}}}}
Taking spell: wikia_skill_e1
Taking spell: wikia_skill_r1
info: backtracing line_12 to leveling3 adding value -->{{st|Bonus Health|{{as|{{ap|150 to 350 3}}|health}}}}
Processing: Sejuani.pass1.json
Taking spell: wikia_skill_i1
Taking spell: wikia_skill_q1
Taking spell: wikia_skill_w1
Taking spell: wikia_skill_e1
Taking spell: wikia_skill_r1
Processing: Renekton.pass1.json
Taking spell: wikia_skill_i1
Taking spell: wikia_skill_q1
info: backtracing line_8 to leveling adding value -->{{st|Self-Healing|{{ap|3|4.5|6|7.5|9}} {{as|(+ 4% '''bonus''' AD)}}|Enhanced Self-Healing|{{ap|9|13.5|18|22.5|27}} {{as|(+ 12% '''bonus''' AD)}}}}<!--
info: backtracing line_9 to leveling adding value -->{{st|Healing Cap|{{ap|50|75|100|125|150}}|Enhanced Healing Cap|{{ap|150|225|300|375|450}}}}
Taking spell: wikia_skill_w1
Taking spell: wikia_skill_e1
info: backtracing line_15 to leveling4 adding value -->{{st|Armor Reduction|{{as|{{ap|25 to 35}}%|armor}}}}
Taking spell: wikia_skill_e2
info: backtracing line_15 to leveling4 adding value -->{{st|Armor Reduction|{{as|{{ap|25 to 35}}%|armor}}}}
Taking spell: wikia_skill_r1
Processing: Xerath.pass1.json
Taking spell: wikia_skill_i1
Taking spell: wikia_skill_q1
Taking spell: wikia_skill_w1
info: backtracing line_10 to leveling2 adding value -->{{st|Enhanced Slow|{{ap|60 to 80}}%}}
Taking spell: wikia_skill_e1
Taking spell: wikia_skill_r1
Processing: Chogath.pass1.json
Taking spell: wikia_skill_i1
Taking spell: wikia_skill_q1
Taking spell: wikia_skill_w1
Taking spell: wikia_skill_e1
Taking spell: wikia_skill_r1
Processing: Annie.pass1.json
Taking spell: wikia_skill_i1
Taking spell: wikia_skill_q1
Taking spell: wikia_skill_w1
Taking spell: wikia_skill_e1
Taking spell: wikia_skill_r1
Taking spell: wikia_skill_r2
Processing: Udyr.pass1.json
Taking spell: wikia_skill_i1
Taking spell: wikia_skill_q1
Taking spell: wikia_skill_w1
Taking spell: wikia_skill_e1
info: backtracing line_9 to leveling2 adding value -->{{st|Bonus Movement Speed Duration|{{ap|2 to 3}}}}
Taking spell: wikia_skill_r1
Processing: MonkeyKing.pass1.json
Taking spell: wikia_skill_i1
Taking spell: wikia_skill_q1
info: backtracing line_8 to leveling adding value {{st|Armor Reduction|{{as|{{ap|10 to 30}}% of target's armor}}}}
Taking spell: wikia_skill_w1
Taking spell: wikia_skill_e1
Taking spell: wikia_skill_r1
Processing: Quinn.pass1.json
Taking spell: wikia_skill_i1
Taking spell: wikia_skill_q1
Taking spell: wikia_skill_w1
info: backtracing line_8 to leveling adding value -->{{st|Bonus Movement Speed|{{ap|20 to 40}}%}}
Taking spell: wikia_skill_e1
Taking spell: wikia_skill_r1
Taking spell: wikia_skill_r2
Processing: Ornn.pass1.json
Taking spell: wikia_skill_i1
info: backtracing line_9 to description3 adding value * {{sbc|Masterwork}} items:
info: backtracing line_10 to description3 adding value ** {{sbc|Attack Damage Items:}} {{ii|Might of the Ruined King}}, {{ii|Molten Edge}}, {{ii|The Obsidian Cleaver}}, {{ii|Trinity Fusion}}, {{ii|Youmuu's Wraithblade}}.
info: backtracing line_11 to description3 adding value ** {{sbc|Ability Power Items:}} {{ii|Luden's Pulse}}, {{ii|Rabadon's Deathcrown}}, {{ii|Wooglet's Witchcrown}}, {{ii|Zhonya's Paradox}}.
info: backtracing line_12 to description3 adding value ** {{sbc|Tank Items:}} {{ii|Forgefire Cape}}, {{ii|Frozen Fist}}, {{ii|Infernal Mask}}.
info: backtracing line_13 to description3 adding value ** {{sbc|Support Items:}} {{ii|Circlet of the Iron Solari}}, {{ii|Salvation}}.
Taking spell: wikia_skill_i2
info: backtracing line_9 to description3 adding value * {{sbc|Masterwork}} items:
info: backtracing line_10 to description3 adding value ** {{sbc|Attack Damage Items:}} {{ii|Might of the Ruined King}}, {{ii|Molten Edge}}, {{ii|The Obsidian Cleaver}}, {{ii|Trinity Fusion}}, {{ii|Youmuu's Wraithblade}}.
info: backtracing line_11 to description3 adding value ** {{sbc|Ability Power Items:}} {{ii|Luden's Pulse}}, {{ii|Rabadon's Deathcrown}}, {{ii|Wooglet's Witchcrown}}, {{ii|Zhonya's Paradox}}.
info: backtracing line_12 to description3 adding value ** {{sbc|Tank Items:}} {{ii|Forgefire Cape}}, {{ii|Frozen Fist}}, {{ii|Infernal Mask}}.
info: backtracing line_13 to description3 adding value ** {{sbc|Support Items:}} {{ii|Circlet of the Iron Solari}}, {{ii|Salvation}}.
Taking spell: wikia_skill_q1
Taking spell: wikia_skill_w1
info: backtracing line_11 to leveling3 adding value {{st|Total Monster Damage|{{ap|155 to 255}}|Monster Damage Per Instance|{{ap|155/5 to 255/5}}}}
Taking spell: wikia_skill_e1
Taking spell: wikia_skill_r1
Processing: Sylas.pass1.json
Taking spell: wikia_skill_i1
Taking spell: wikia_skill_q1
info: backtracing line_8 to leveling adding value {{st|Slow|{{ap|15 to 35}}%}}
Taking spell: wikia_skill_w1
Taking spell: wikia_skill_e1
Taking spell: wikia_skill_e2
Taking spell: wikia_skill_r1
Processing: Draven.pass1.json
Taking spell: wikia_skill_i1
Taking spell: wikia_skill_q1
Taking spell: wikia_skill_w1
Taking spell: wikia_skill_e1
Taking spell: wikia_skill_r1
Taking spell: wikia_skill_r2
Processing: AurelionSol.pass1.json
Taking spell: wikia_skill_i1
Taking spell: wikia_skill_q1
Taking spell: wikia_skill_q2
Taking spell: wikia_skill_w1
Taking spell: wikia_skill_w2
Taking spell: wikia_skill_e1
Taking spell: wikia_skill_e2
Taking spell: wikia_skill_r1
Processing: Pantheon.pass1.json
Taking spell: wikia_skill_i1
Taking spell: wikia_skill_q1
Taking spell: wikia_skill_w1
Taking spell: wikia_skill_e1
info: backtracing line_10 to leveling2 adding value {{st|Total Damage to Non-Champions|{{ap|100*0.6 to 300*0.6}} {{as|(+ 180% '''bonus''' AD)}}|Damage Per Strike to Non-Champions|{{ap|100*0.6/3 to 300*0.6/3}} {{as|(+ 60% '''bonus''' AD)}}}}
Taking spell: wikia_skill_e2
info: backtracing line_10 to leveling2 adding value {{st|Total Damage to Non-Champions|{{ap|100*0.6 to 300*0.6}} {{as|(+ 180% '''bonus''' AD)}}|Damage Per Strike to Non-Champions|{{ap|100*0.6/3 to 300*0.6/3}} {{as|(+ 60% '''bonus''' AD)}}}}
Taking spell: wikia_skill_r1
Processing: Swain.pass1.json
Taking spell: wikia_skill_i1
Taking spell: wikia_skill_q1
info: backtracing line_8 to leveling adding value {{st|Bonus Damage Per Bolt|{{ap|15 to 35}}%}}
Taking spell: wikia_skill_w1
info: backtracing line_8 to leveling adding value {{st|Slow Strength|{{ap|25 to 65}}%}}
Taking spell: wikia_skill_e1
Taking spell: wikia_skill_r1
info: backtracing line_10 to leveling2 adding value {{st|Heal per Second|{{ap|20 to 50 3}} {{as|(+ 16% AP)}}|Reduced Healing|{{ap|20*0.2 to 50*0.2 3}} {{as|(+ {{fd|3.2}}% AP)}}|Maximum Single-Champion Heal|{{ap|20*12 to 50*12 3}} {{as|(+ 192% AP)}}|Maximum Single-Minion Heal|{{ap|20*12*0.2 to 50*12*0.2 3}} {{as|(+ {{fd|38.4}}% AP)}}}}
Processing: MasterYi.pass1.json
Taking spell: wikia_skill_i1
Taking spell: wikia_skill_q1
Taking spell: wikia_skill_w1
info: backtracing line_8 to leveling adding value -->{{st|Minimum Total Healing|{{ap|15*8 to 55*8}} {{as|(+ 100% AP)}}|Maximum Total Healing|{{ap|15*8*2 to 55*8*2}} {{as|(+ 200% AP)}}}}
Taking spell: wikia_skill_e1
Taking spell: wikia_skill_r1
info: backtracing line_10 to leveling2 adding value -->{{st|Multiplied Movement Speed|{{ap|25|35|45}}%}}
Processing: Tryndamere.pass1.json
Taking spell: wikia_skill_i1
Taking spell: wikia_skill_q1
Taking spell: wikia_skill_w1
Taking spell: wikia_skill_e1
Taking spell: wikia_skill_r1
info: backtracing line_8 to leveling adding value -->{{st|Minimum Health|{{ap|30|50|70}}}}
Processing: Gangplank.pass1.json
Taking spell: wikia_skill_i1
Taking spell: wikia_skill_i2
Taking spell: wikia_skill_q1
Taking spell: wikia_skill_w1
Taking spell: wikia_skill_e1
info: backtracing line_11 to leveling4 adding value {{st|Slow|{{ap|40 to 80}}%}}
Taking spell: wikia_skill_r1
Processing: Kled.pass1.json
Taking spell: wikia_skill_i1
Taking spell: wikia_skill_i2
Taking spell: wikia_skill_i3
Taking spell: wikia_skill_q1
info: backtracing line_10 to leveling2 adding value {{st|Slow|{{ap|40 to 60}}%}}
Taking spell: wikia_skill_q2
Taking spell: wikia_skill_w1
Taking spell: wikia_skill_e1
Taking spell: wikia_skill_e2
Taking spell: wikia_skill_r1
Taking spell: wikia_skill_r2
Processing: Blitzcrank.pass1.json
Taking spell: wikia_skill_i1
Taking spell: wikia_skill_q1
Taking spell: wikia_skill_w1
Taking spell: wikia_skill_e1
Taking spell: wikia_skill_r1
Processing: Evelynn.pass1.json
Taking spell: wikia_skill_i1
Taking spell: wikia_skill_q1
Taking spell: wikia_skill_w1
Taking spell: wikia_skill_e1
Taking spell: wikia_skill_r1
Processing: Maokai.pass1.json
Taking spell: wikia_skill_i1
Taking spell: wikia_skill_i2
Taking spell: wikia_skill_q1
Taking spell: wikia_skill_w1
info: backtracing line_8 to leveling adding value -->{{st|Root Duration|{{ap|1|1.1|1.2|1.3|1.4}}}}
Taking spell: wikia_skill_e1
Taking spell: wikia_skill_r1
Processing: Skarner.pass1.json
Taking spell: wikia_skill_i1
Taking spell: wikia_skill_q1
Taking spell: wikia_skill_w1
info: backtracing line_8 to leveling adding value -->{{st|Initial Bonus Movement Speed|{{ap|8 to 16}}%|Maximum Bonus Movement Speed|{{ap|8*2 to 16*2}}%}}
Taking spell: wikia_skill_e1
info: backtracing line_8 to leveling adding value {{st|Slow|{{ap|30 to 50}}%}}
Taking spell: wikia_skill_e2
info: backtracing line_8 to leveling adding value {{st|Slow|{{ap|30 to 50}}%}}
Taking spell: wikia_skill_r1
Processing: Lulu.pass1.json
Taking spell: wikia_skill_i1
Taking spell: wikia_skill_q1
info: backtracing line_8 to leveling adding value -->{{st|Reduced Damage|{{ap|56|87.5|119|150.5|182}} {{as|(+ 35% AP)}}}}
Taking spell: wikia_skill_w1
info: backtracing line_8 to leveling adding value -->{{st|Duration|{{ap|3 to 4}}}}
Taking spell: wikia_skill_e1
Taking spell: wikia_skill_r1
info: backtracing line_8 to leveling adding value -->{{st|Slow|{{ap|30|45|60}}%}}
Processing: Yasuo.pass1.json
Taking spell: wikia_skill_i1
Taking spell: wikia_skill_q1
Taking spell: wikia_skill_q2
Taking spell: wikia_skill_q3
Taking spell: wikia_skill_w1
Taking spell: wikia_skill_e1
Taking spell: wikia_skill_r1
Processing: Zyra.pass1.json
Taking spell: wikia_skill_i1
Taking spell: wikia_skill_q1
Taking spell: wikia_skill_w1
Taking spell: wikia_skill_e1
info: backtracing line_8 to leveling adding value -->{{st|Root Duration|{{ap|1|1.25|1.5|1.75|2}}}}
Taking spell: wikia_skill_r1
Processing: Ekko.pass1.json
Taking spell: wikia_skill_i1
Taking spell: wikia_skill_q1
Taking spell: wikia_skill_w1
Taking spell: wikia_skill_e1
Taking spell: wikia_skill_r1
Processing: Kayn.pass1.json
Taking spell: wikia_skill_i1
Taking spell: wikia_skill_i2
Taking spell: wikia_skill_i3
Taking spell: wikia_skill_q1
Taking spell: wikia_skill_q2
Taking spell: wikia_skill_q3
Taking spell: wikia_skill_w1
Taking spell: wikia_skill_w2
Taking spell: wikia_skill_w3
Taking spell: wikia_skill_e1
info: backtracing line_10 to leveling2 adding value {{st|Empowered Duration|{{ap|7 to 9}}}}
Taking spell: wikia_skill_e2
info: backtracing line_10 to leveling2 adding value {{st|Empowered Duration|{{ap|7 to 9}}}}
Taking spell: wikia_skill_e3
info: backtracing line_10 to leveling2 adding value {{st|Empowered Duration|{{ap|7 to 9}}}}
Taking spell: wikia_skill_r1
Taking spell: wikia_skill_r2
Taking spell: wikia_skill_r3
Taking spell: wikia_skill_r4
Processing: Leona.pass1.json
Taking spell: wikia_skill_i1
Taking spell: wikia_skill_q1
Taking spell: wikia_skill_w1
info: backtracing line_8 to leveling adding value {{st|Bonus Magic Resistance|{{ap|20|30|40|50|60}} {{as|(+ 20% '''bonus''' magic resistance)}}}}
Taking spell: wikia_skill_e1
Taking spell: wikia_skill_r1
info: backtracing line_11 to leveling3 adding value -->{{st|Enhanced Basic Attacks|{{ap|3|4|5}}|Total Bonus Damage|{{ap|90|160|250}} {{as|(+ {{ap|45|60|75}}% AP)}}}}
Processing: Karma.pass1.json
Taking spell: wikia_skill_i1
Taking spell: wikia_skill_q1
Taking spell: wikia_skill_q2
Taking spell: wikia_skill_w1
info: backtracing line_10 to leveling2 adding value {{st|Root Duration|{{ap|1.4 to 2}}}}
Taking spell: wikia_skill_w2
info: backtracing line_10 to leveling2 adding value {{st|Root Duration|{{ap|1.4 to 2}}}}
Taking spell: wikia_skill_e1
info: backtracing line_8 to leveling adding value {{st|Bonus Movement Speed|{{as|{{ap|40 to 60}}%|ms}}}}
Taking spell: wikia_skill_e2
info: backtracing line_8 to leveling adding value {{st|Bonus Movement Speed|{{as|{{ap|40 to 60}}%|ms}}}}
Taking spell: wikia_skill_r1
Processing: Urgot.pass1.json
Taking spell: wikia_skill_i1
Taking spell: wikia_skill_q1
info: backtracing line_8 to leveling adding value {{st|Slow|{{ap|45 to 65}}%}}
Taking spell: wikia_skill_w1
Taking spell: wikia_skill_e1
Taking spell: wikia_skill_r1
Processing: Jhin.pass1.json
Taking spell: wikia_skill_i1
Taking spell: wikia_skill_q1
Taking spell: wikia_skill_w1
Taking spell: wikia_skill_w2
Taking spell: wikia_skill_e1
Taking spell: wikia_skill_r1
Taking spell: wikia_skill_r2
Taking spell: wikia_skill_r3
Processing: Thresh.pass1.json
Taking spell: wikia_skill_i1
Taking spell: wikia_skill_q1
Taking spell: wikia_skill_q2
Taking spell: wikia_skill_w1
Taking spell: wikia_skill_e1
Taking spell: wikia_skill_e2
Taking spell: wikia_skill_e3
Taking spell: wikia_skill_e4
Taking spell: wikia_skill_e5
Taking spell: wikia_skill_r1
Processing: Zac.pass1.json
Taking spell: wikia_skill_i1
warning: unknown line: line_8 &nbsp;• Stretching Strikes: Maximum of 2 chunks, 1 chunk for each strike hit on a different target. The collision does not produce additional chunks.&#013;
warning: unknown line: line_9 &nbsp;• Unstable Matter: Maximum of 1 chunk, no matter how many enemies hit.&#013;
warning: unknown line: line_10 &nbsp;• Elastic Slingshot: Maximum of 5 chunks, 1 chunk for each enemy champion hit.&#013;
warning: unknown line: line_11 &nbsp;• Let's Bounce!: Maximum of 5 chunks, 1 chunk for each enemy champion hit. If the ability is charged for less than 1 second, only 1 chunk is produced.}} of himself to a nearby location, landing towards visible nearby enemy champions and lasting for 6 seconds.
Taking spell: wikia_skill_i2
warning: unknown line: line_8 &nbsp;• Stretching Strikes: Maximum of 2 chunks, 1 chunk for each strike hit on a different target. The collision does not produce additional chunks.&#013;
warning: unknown line: line_9 &nbsp;• Unstable Matter: Maximum of 1 chunk, no matter how many enemies hit.&#013;
warning: unknown line: line_10 &nbsp;• Elastic Slingshot: Maximum of 5 chunks, 1 chunk for each enemy champion hit.&#013;
warning: unknown line: line_11 &nbsp;• Let's Bounce!: Maximum of 5 chunks, 1 chunk for each enemy champion hit. If the ability is charged for less than 1 second, only 1 chunk is produced.}} of himself to a nearby location, landing towards visible nearby enemy champions and lasting for 6 seconds.
Taking spell: wikia_skill_q1
Taking spell: wikia_skill_w1
Taking spell: wikia_skill_e1
Taking spell: wikia_skill_r1
Processing: Brand.pass1.json
Taking spell: wikia_skill_i1
Taking spell: wikia_skill_q1
Taking spell: wikia_skill_w1
Taking spell: wikia_skill_e1
Taking spell: wikia_skill_r1
Processing: XinZhao.pass1.json
Taking spell: wikia_skill_i1
Taking spell: wikia_skill_q1
Taking spell: wikia_skill_w1
Taking spell: wikia_skill_e1
Taking spell: wikia_skill_r1
Processing: Zed.pass1.json
Taking spell: wikia_skill_i1
Taking spell: wikia_skill_q1
Taking spell: wikia_skill_w1
Taking spell: wikia_skill_w2
Taking spell: wikia_skill_e1
Taking spell: wikia_skill_r1
Taking spell: wikia_skill_r2
Processing: KogMaw.pass1.json
Taking spell: wikia_skill_i1
Taking spell: wikia_skill_q1
info: backtracing line_10 to leveling2 adding value -->{{st|Resistances Reduction|{{ap|20 to 28}}%}}
Taking spell: wikia_skill_w1
info: backtracing line_8 to leveling adding value {{st|Bonus Magic Damage|{{as|{{ap|3 to 6}}% {{as|(+ 1% per 100 AP)}} of target's '''maximum''' health}}}}
Taking spell: wikia_skill_e1
info: backtracing line_8 to leveling adding value {{st|Slow|{{ap|20 to 52}}%}}
Taking spell: wikia_skill_r1
Processing: Fizz.pass1.json
Taking spell: wikia_skill_i1
Taking spell: wikia_skill_q1
Taking spell: wikia_skill_w1
info: backtracing line_12 to leveling3 adding value {{st|Bonus On-Hit Damage|{{ap|10 to 30}} {{as|(+ 35% AP)}}}}
Taking spell: wikia_skill_e1
Taking spell: wikia_skill_e2
Taking spell: wikia_skill_r1
Processing: Kaisa.pass1.json
Taking spell: wikia_skill_i1
Taking spell: wikia_skill_q1
Taking spell: wikia_skill_q2
Taking spell: wikia_skill_w1
Taking spell: wikia_skill_w2
Taking spell: wikia_skill_e1
Taking spell: wikia_skill_e2
Taking spell: wikia_skill_r1
Processing: Azir.pass1.json
Taking spell: wikia_skill_i1
Taking spell: wikia_skill_q1
Taking spell: wikia_skill_w1
Taking spell: wikia_skill_e1
Taking spell: wikia_skill_r1
Processing: Ziggs.pass1.json
Taking spell: wikia_skill_i1
Taking spell: wikia_skill_q1
Taking spell: wikia_skill_w1
Taking spell: wikia_skill_e1
info: backtracing line_9 to leveling2 adding value -->{{st|Magic Damage Per Mine|{{ap|40 to 180}} {{as|(+ 30% AP)}}}}<!--
info: backtracing line_10 to leveling2 adding value -->{{st|Additional Magic Damage|{{ap|40*0.4 to 180*0.4}} {{as|(+ 12% AP)}}|Total Single-Target Damage|{{ap|40*(1+0.4*10) to 180*(1+0.4*10)}} {{as|(+ 150% AP)}}}}
Taking spell: wikia_skill_r1
Processing: Rumble.pass1.json
Taking spell: wikia_skill_i1
Taking spell: wikia_skill_i2
Taking spell: wikia_skill_i3
Taking spell: wikia_skill_q1
info: backtracing line_2 to name adding value -->{{#vardefine:b1|175}}<!--The Flamespitter's rank 1 total base damage
info: backtracing line_3 to name adding value -->{{#vardefine:b5|315}}<!--The Flamespitter's rank 5 total base damage
info: backtracing line_4 to name adding value -->{{#vardefine:r|110}}<!--The Flamespitter's total ratio damage
info: backtracing line_5 to name adding value -->{{#vardefine:m1|60}}<!--The Flamespitter's rank 1 minion damage percentage
info: backtracing line_6 to name adding value -->{{#vardefine:m5|80}}<!--The Flamespitter's rank 5 minion damage percentage
info: backtracing line_7 to name adding value -->{{{{{1<noinclude>|Ability data</noinclude>}}}|Flamespitter|{{{2|}}}|{{{3|}}}|{{{4|}}}|{{{5|}}}
info: backtracing line_14 to leveling adding value {{st|Minion Damage Percentage|{{ap|{{#var:m1}} to {{#var:m5}}}}%|Total Minion Damage|{{pp|5|notooltip=true|({{#var:b1}}+({{#var:b5}}-{{#var:b1}})/4*(x-1))*({{#var:m1}}+({{#var:m5}}-{{#var:m1}})/4*(x-1))/100}} {{as|(+ {{ap|{{#var:r}}*{{#var:m1}}/100 to {{#var:r}}*{{#var:m5}}/100}}% AP)}}|Minion Damage per {{fd|0.25}} Seconds|{{pp|5|notooltip=true|({{#var:b1}}+({{#var:b5}}-{{#var:b1}})/4*(x-1))*({{#var:m1}}+({{#var:m5}}-{{#var:m1}})/4*(x-1))/100/12}} {{as|(+ {{ap|{{#var:r}}*{{#var:m1}}/100/12 to {{#var:r}}*{{#var:m5}}/100/12}}% AP)}}}}
info: backtracing line_17 to leveling2 adding value {{st|Total Enhanced Minion Damage|{{pp|5|notooltip=true|({{#var:b1}}+({{#var:b5}}-{{#var:b1}})/4*(x-1))*({{#var:m1}}+({{#var:m5}}-{{#var:m1}})/4*(x-1))/100*1.5}} {{as|(+ {{ap|{{#var:r}}*{{#var:m1}}/100*1.5 to {{#var:r}}*{{#var:m5}}/100*1.5}}% AP)}}|Minion Damage per {{fd|0.25}} Seconds|{{pp|5|notooltip=true|({{#var:b1}}+({{#var:b5}}-{{#var:b1}})/4*(x-1))*({{#var:m1}}+({{#var:m5}}-{{#var:m1}})/4*(x-1))/100/12*1.5}} {{as|(+ {{ap|{{#var:r}}*{{#var:m1}}/100/12*1.5 to {{#var:r}}*{{#var:m5}}/100/12*1.5}}% AP)}}}}
Taking spell: wikia_skill_w1
info: backtracing line_13 to leveling3 adding value -->{{st|Enhanced Bonus Movement Speed|{{ap|15|22.5|30|37.5|45}}%}}
Taking spell: wikia_skill_w2
info: backtracing line_13 to leveling3 adding value -->{{st|Enhanced Bonus Movement Speed|{{ap|15|22.5|30|37.5|45}}%}}
Taking spell: wikia_skill_e1
info: backtracing line_10 to leveling2 adding value -->{{st|Slow|{{ap|15 to 35}}%|Total Slow|{{ap|15*2 to 35*2}}%}}
info: backtracing line_13 to leveling3 adding value -->{{st|Enhanced Slow|{{ap|15*1.5 to 35*1.5}}%|Total Enhanced Slow|{{ap|15*1.5*2 to 35*1.5*2}}%}}
Taking spell: wikia_skill_e2
warning: empty spell
Taking spell: wikia_skill_r1
Processing: Kindred.pass1.json
Taking spell: wikia_skill_i1
info: backtracing line_11 to description3 adding value * {{sbc|0 :}} {{ui|Rift Scuttler}}
info: backtracing line_12 to description3 adding value * {{sbc|1 – 3:}} {{ui|Rift Scuttler}}, {{ui|Crimson Raptor}}, {{ui|Gromp}}
info: backtracing line_13 to description3 adding value * {{sbc|4 – 7:}} {{ui|Ancient Krug}}, {{ui|Blue Sentinel}}, {{ui|Greater Murk Wolf}}, or {{ui|Red Brambleback}}
info: backtracing line_14 to description3 adding value * {{sbc|8 + :}} {{ui|Rift Herald}} or {{ui|Baron Nashor}}, {{ui|Dragon}} or {{ui|Elder Dragon}}
warning: unknown line: line_15 The marked camp is highlighted on the minimap to both teams. ''The mark is removed when the camp is cleared even if '''Kindred''' are not involved.''
Taking spell: wikia_skill_q1
Taking spell: wikia_skill_w1
Taking spell: wikia_skill_e1
Taking spell: wikia_skill_r1
Processing: Taric.pass1.json
Taking spell: wikia_skill_i1
Taking spell: wikia_skill_q1
Taking spell: wikia_skill_w1
Taking spell: wikia_skill_w2
Taking spell: wikia_skill_e1
Taking spell: wikia_skill_r1
Processing: Jax.pass1.json
Taking spell: wikia_skill_i1
Taking spell: wikia_skill_q1
Taking spell: wikia_skill_w1
Taking spell: wikia_skill_e1
Taking spell: wikia_skill_r1
Processing: Nidalee.pass1.json
Taking spell: wikia_skill_i1
Taking spell: wikia_skill_q1
Taking spell: wikia_skill_q2
info: backtracing line_8 to leveling adding value {{st|Increased Damage|{{ap|1 to 1.75 4}}%|Maximum Bonus Damage|{{ap|1*100 to 1.75*100 4}}%}}<!--
info: backtracing line_9 to leveling adding value -->{{st|Minimum Magic Damage|{{ap|5 to 80 4}} {{as|(+ 75% AD)}} {{as|(+ 40% AP)}}|Maximum Damage|{{pp|4|notooltip=true|(5+25*(x-1))*(2+0.25*(x-1))}} {{as|(+ {{ap|75*2 to 75*2.75 4}}% AD)}} {{as|(+ {{ap|40*2 to 40*2.75 4}}% AP)}}}}
Taking spell: wikia_skill_w1
Taking spell: wikia_skill_w2
Taking spell: wikia_skill_e1
info: backtracing line_8 to leveling adding value -->{{st|Bonus Attack Speed|{{ap|20 to 60}}%}}
Taking spell: wikia_skill_e2
info: backtracing line_8 to leveling adding value {{st|Magic Damage|{{ap|70 to 250 4}} {{as|(+ 45% AP)}}}}
Taking spell: wikia_skill_r1
Taking spell: wikia_skill_r2
Processing: Viktor.pass1.json
Taking spell: wikia_skill_i1
info: backtracing line_7 to description adding value * {{ii|Prototype Hex Core}}: {{Item data Prototype Hex Core|pst2|pass}}
info: backtracing line_8 to description adding value * {{ii|The Hex Core mk-1}}: {{Item data The Hex Core mk-1|pst2|pass}} And one Evolution Point.
info: backtracing line_9 to description adding value * {{ii|The Hex Core mk-2}}: {{Item data The Hex Core mk-2|pst2|pass}} And one Evolution Point.
info: backtracing line_10 to description adding value * {{ii|Perfect Hex Core}}: {{Item data Perfect Hex Core|pst2|pass}} And one Evolution Point.
Taking spell: wikia_skill_q1
Taking spell: wikia_skill_w1
Taking spell: wikia_skill_e1
Taking spell: wikia_skill_r1
info: backtracing line_10 to leveling adding value {{st|Magic Damage Per Tick|{{ap|130 to 290 3}} {{as|(+ 85% AP)}}|Total Magic Damage|{{ap|100+130*3 to 250+290*3 3}} {{as|(+ 305% AP)}}}}
Taking spell: wikia_skill_r2
info: backtracing line_10 to leveling adding value {{st|Magic Damage Per Tick|{{ap|130 to 290 3}} {{as|(+ 85% AP)}}|Total Magic Damage|{{ap|100+130*3 to 250+290*3 3}} {{as|(+ 305% AP)}}}}
Processing: Singed.pass1.json
Taking spell: wikia_skill_i1
Taking spell: wikia_skill_q1
Taking spell: wikia_skill_w1
Taking spell: wikia_skill_e1
Taking spell: wikia_skill_r1
info: backtracing line_8 to leveling adding value -->{{st|Regeneration per Second|{{ap|6 to 16 3}}|Total Regeneration|{{ap|6*25 to 16*25 3}}}}
Processing: Aatrox.pass1.json
Taking spell: wikia_skill_i1
Taking spell: wikia_skill_q1
info: backtracing line_2 to name adding value -->{{#vardefine:b1|10}}<!--First Swing Base Rank 1 Damage
info: backtracing line_3 to name adding value -->{{#vardefine:b2|70}}<!--First Swing Base Rank 5 Damage
info: backtracing line_4 to name adding value -->{{#vardefine:r1|55}}<!--First Swing Ratio Rank 1 Damage
info: backtracing line_5 to name adding value -->{{#vardefine:r2|75}}<!--First Swing Ratio Rank 5 Damage
info: backtracing line_6 to name adding value -->{{{{{1<noinclude>|Ability data</noinclude>}}}|The Darkin Blade|{{{2|}}}|{{{3|}}}|{{{4|}}}|{{{5|}}}
Taking spell: wikia_skill_w1
info: backtracing line_8 to leveling adding value {{st|Slow|{{ap|15|20|25|30|35}}%}}
Taking spell: wikia_skill_e1
Taking spell: wikia_skill_r1
Processing: Leblanc.pass1.json
Taking spell: wikia_skill_i1
Taking spell: wikia_skill_q1
Taking spell: wikia_skill_w1
Taking spell: wikia_skill_w2
Taking spell: wikia_skill_e1
Taking spell: wikia_skill_r1
Taking spell: wikia_skill_r2
Taking spell: wikia_skill_r3
Taking spell: wikia_skill_r4
Processing: Irelia.pass1.json
Taking spell: wikia_skill_i1
Taking spell: wikia_skill_q1
info: backtracing line_10 to leveling2 adding value {{st|Heal|{{as|{{ap|12 to 20}}% AD}}}}
Taking spell: wikia_skill_w1
Taking spell: wikia_skill_e1
Taking spell: wikia_skill_r1
Processing: Rengar.pass1.json
Taking spell: wikia_skill_i1
Taking spell: wikia_skill_i2
Taking spell: wikia_skill_q1
Taking spell: wikia_skill_w1
Taking spell: wikia_skill_e1
info: backtracing line_8 to leveling adding value -->{{st|Slow|{{ap|30|45|60|75|90}}%}}
Taking spell: wikia_skill_r1
info: backtracing line_8 to leveling adding value {{st|Bonus Movement Speed|{{ap|40|50|60}}%}}
Processing: Karthus.pass1.json
Taking spell: wikia_skill_i1
Taking spell: wikia_skill_q1
Taking spell: wikia_skill_w1
Taking spell: wikia_skill_e1
Taking spell: wikia_skill_r1
Processing: Lucian.pass1.json
Taking spell: wikia_skill_i1
Taking spell: wikia_skill_q1
Taking spell: wikia_skill_w1
Taking spell: wikia_skill_w2
Taking spell: wikia_skill_w3
Taking spell: wikia_skill_e1
Taking spell: wikia_skill_r1
info: backtracing line_8 to leveling adding value -->{{st|Shots Fired|{{ap|20 to 30 3}}}}
Processing: Syndra.pass1.json
Taking spell: wikia_skill_i1
Taking spell: wikia_skill_q1
Taking spell: wikia_skill_w1
info: backtracing line_10 to leveling2 adding value -->{{st|Slow|{{ap|25 to 45}}%}}
Taking spell: wikia_skill_w2
warning: empty spell
Taking spell: wikia_skill_e1
Taking spell: wikia_skill_r1
info: backtracing line_8 to leveling adding value -->{{st|Minimum Damage|{{ap|90*3 to 180*3 3}} {{as|(+ 60% AP)}}|Maximum Damage|{{ap|90*7 to 180*7 3}} {{as|(+ 140% AP)}}}}
Processing: Fiddlesticks.pass1.json
Taking spell: wikia_skill_i1
Taking spell: wikia_skill_q1
Taking spell: wikia_skill_w1
Taking spell: wikia_skill_e1
Taking spell: wikia_skill_r1
Processing: Neeko.pass1.json
Taking spell: wikia_skill_i1
Taking spell: wikia_skill_q1
Taking spell: wikia_skill_w1
info: backtracing line_8 to leveling adding value {{st|Bonus Movement Speed|{{as|{{ap|20 to 40}}%|ms}}}}
Taking spell: wikia_skill_e1
info: backtracing line_8 to leveling adding value {{st|Root Duration|{{ap|0.7 to 1.5}}}}
Taking spell: wikia_skill_r1
Processing: Volibear.pass1.json
Taking spell: wikia_skill_i1
Taking spell: wikia_skill_q1
Taking spell: wikia_skill_w1
Taking spell: wikia_skill_e1
info: backtracing line_8 to leveling adding value {{st|Slow|{{ap|30 to 50}}%}}
Taking spell: wikia_skill_r1
Processing: Sivir.pass1.json
Taking spell: wikia_skill_i1
Taking spell: wikia_skill_q1
Taking spell: wikia_skill_w1
Taking spell: wikia_skill_e1
Taking spell: wikia_skill_r1
info: backtracing line_10 to leveling2 adding value -->{{st|Initial Movement Speed Duration|{{ap|2|3|4}}}}
Processing: Nasus.pass1.json
Taking spell: wikia_skill_i1
Taking spell: wikia_skill_q1
Taking spell: wikia_skill_w1
info: backtracing line_8 to leveling adding value {{st|Maximum Cripple|{{ap|(35+3*4)/2 to (35+15*4)/2}}%|Additional Cripple Per Second|{{ap|3/2 to 15/2}}%}}
Taking spell: wikia_skill_e1
info: backtracing line_10 to leveling2 adding value -->{{st|Armor Reduction|{{as|{{ap|15|20|25|30|35}}% of target's armor}}}}
Taking spell: wikia_skill_r1
info: backtracing line_8 to leveling adding value -->{{st|Bonus Resistances|{{ap|15|35|55}}}}
info: backtracing line_11 to leveling2 adding value -->{{st|Bonus Resistances Per Second|{{ap|1|2|3}}|Total Bonus Resistances|{{ap|30|65|100}}}}
Processing: MissFortune.pass1.json
Taking spell: wikia_skill_i1
Taking spell: wikia_skill_q1
Taking spell: wikia_skill_w1
Taking spell: wikia_skill_w2
Taking spell: wikia_skill_e1
info: backtracing line_8 to leveling adding value -->{{st|Slow|{{ap|28|36|44|52|60}}%}}
Taking spell: wikia_skill_r1
Processing: Warwick.pass1.json
Taking spell: wikia_skill_i1
Taking spell: wikia_skill_q1
info: backtracing line_8 to leveling adding value -->{{st|Healing Percentage|{{ap|30 to 70}}%}}
Taking spell: wikia_skill_w1
Taking spell: wikia_skill_e1
Taking spell: wikia_skill_r1
Processing: Vladimir.pass1.json
Taking spell: wikia_skill_i1
info: backtracing line_2 to name adding value -->{{#vardefine:cp1|2.5}}<!-- Crimson's Pact 2.5% bonus health as ability power
info: backtracing line_3 to name adding value -->{{#vardefine:cp2|140}}<!-- Crimson's Pact 140% ability power as bonus health
info: backtracing line_4 to name adding value -->{{#vardefine:rd|40}}<!-- Rabadon's Deathcap's
info: backtracing line_5 to name adding value -->{{#vardefine:ch|15}}<!-- Cinderhulk's
info: backtracing line_6 to name adding value -->{{{{{1<noinclude>|Ability data</noinclude>}}}|Crimson Pact|{{{2|}}}|{{{3|}}}|{{{4|}}}|{{{5|}}}
Taking spell: wikia_skill_q1
info: backtracing line_8 to leveling adding value -->{{st|Heal|{{ap|20 to 40}} {{as|(+ 35% AP)}}}}
Taking spell: wikia_skill_q2
info: backtracing line_8 to leveling adding value -->{{st|Heal|{{ap|20 to 40}} {{as|(+ 35% AP)}}}}
Taking spell: wikia_skill_w1
Taking spell: wikia_skill_e1
Taking spell: wikia_skill_r1
Processing: Caitlyn.pass1.json
Taking spell: wikia_skill_i1
Taking spell: wikia_skill_q1
Taking spell: wikia_skill_w1
Taking spell: wikia_skill_e1
Taking spell: wikia_skill_r1
Processing: Elise.pass1.json
Taking spell: wikia_skill_i1
Taking spell: wikia_skill_q1
Taking spell: wikia_skill_q2
Taking spell: wikia_skill_w1
Taking spell: wikia_skill_w2
Taking spell: wikia_skill_e1
Taking spell: wikia_skill_e2
Taking spell: wikia_skill_r1
Taking spell: wikia_skill_r2
Processing: Olaf.pass1.json
Taking spell: wikia_skill_i1
Taking spell: wikia_skill_q1
info: backtracing line_9 to leveling adding value {{st|Slow|{{ap|29 to 45}}%}}
Taking spell: wikia_skill_w1
info: backtracing line_8 to leveling adding value {{st|Life Steal|{{ap|14 to 22}}%}}
Taking spell: wikia_skill_e1
Taking spell: wikia_skill_r1
info: backtracing line_10 to leveling2 adding value {{st|Bonus Movement Speed|{{ap|20|45|70}}%}}
Processing: Malphite.pass1.json
Taking spell: wikia_skill_i1
Taking spell: wikia_skill_q1
info: backtracing line_8 to leveling adding value -->{{st|Slow|{{ap|14 to 26}}%}}
Taking spell: wikia_skill_w1
Taking spell: wikia_skill_e1
info: backtracing line_8 to leveling adding value -->{{st|Cripple|{{ap|30 to 50}}%}}
Taking spell: wikia_skill_r1
Processing: Pyke.pass1.json
Taking spell: wikia_skill_i1
Taking spell: wikia_skill_q1
Taking spell: wikia_skill_w1
Taking spell: wikia_skill_e1
Taking spell: wikia_skill_r1
Taking spell: wikia_skill_r2
warning: empty spell
Processing: Braum.pass1.json
Taking spell: wikia_skill_i1
Taking spell: wikia_skill_q1
Taking spell: wikia_skill_w1
Taking spell: wikia_skill_e1
Taking spell: wikia_skill_r1
Processing: Jayce.pass1.json
Taking spell: wikia_skill_i1
Taking spell: wikia_skill_q1
Taking spell: wikia_skill_q2
Taking spell: wikia_skill_w1
Taking spell: wikia_skill_w2
Taking spell: wikia_skill_e1
Taking spell: wikia_skill_e2
Taking spell: wikia_skill_r1
Taking spell: wikia_skill_r2
Processing: Katarina.pass1.json
Taking spell: wikia_skill_i1
Taking spell: wikia_skill_i2
Taking spell: wikia_skill_q1
Taking spell: wikia_skill_w1
Taking spell: wikia_skill_e1
Taking spell: wikia_skill_r1
Processing: Lux.pass1.json
Taking spell: wikia_skill_i1
Taking spell: wikia_skill_q1
Taking spell: wikia_skill_w1
Taking spell: wikia_skill_e1
Taking spell: wikia_skill_r1
Processing: Velkoz.pass1.json
Taking spell: wikia_skill_i1
Taking spell: wikia_skill_q1
info: backtracing line_8 to leveling adding value -->{{st|Slow Duration|{{ap|1 to 2.6}}}}
Taking spell: wikia_skill_q2
info: backtracing line_8 to leveling adding value -->{{st|Slow Duration|{{ap|1 to 2.6}}}}
Taking spell: wikia_skill_w1
info: backtracing line_9 to leveling2 adding value -->{{st|Detonation Magic Damage|{{ap|45 to 165}} {{as|(+ 25% AP)}}|Maximum Damage|{{ap|30+45 to 110+165}} {{as|(+ 40% AP)}}}}
Taking spell: wikia_skill_e1
warn: long key found missile_cast_range? 1100-->
Taking spell: wikia_skill_r1
Taking spell: wikia_skill_r2
Processing: Kayle.pass1.json
Taking spell: wikia_skill_i1
Taking spell: wikia_skill_q1
info: backtracing line_8 to leveling2 adding value {{st|Slow|{{ap|26 to 50}}%}}
Taking spell: wikia_skill_w1
info: backtracing line_7 to leveling adding value {{st|Bonus Movement Speed|{{ap|26 to 50}}% {{as|(+ 10% per 100 AP)}}}}
Taking spell: wikia_skill_e1
Taking spell: wikia_skill_r1
Processing: Khazix.pass1.json
Taking spell: wikia_skill_i1
Taking spell: wikia_skill_q1
Taking spell: wikia_skill_q2
Taking spell: wikia_skill_w1
Taking spell: wikia_skill_w2
Taking spell: wikia_skill_e1
Taking spell: wikia_skill_e2
Taking spell: wikia_skill_r1
Taking spell: wikia_skill_r2
Taking spell: wikia_skill_r3
Processing: Ivern.pass1.json
Taking spell: wikia_skill_i1
Taking spell: wikia_skill_q1
info: backtracing line_8 to leveling adding value -->{{st|Root Duration|{{ap|1.2 to 2}}}}
Taking spell: wikia_skill_w1
Taking spell: wikia_skill_e1
info: backtracing line_10 to leveling2 adding value -->{{st|Slow|{{ap|40|45|50|55|60}}%}}
Taking spell: wikia_skill_r1
Taking spell: wikia_skill_r2
Processing: Ahri.pass1.json
Taking spell: wikia_skill_i1
Taking spell: wikia_skill_q1
Taking spell: wikia_skill_w1
Taking spell: wikia_skill_e1
Taking spell: wikia_skill_r1
Processing: TwistedFate.pass1.json
Taking spell: wikia_skill_i1
Taking spell: wikia_skill_q1
Taking spell: wikia_skill_w1
info: backtracing line_10 to leveling2 adding value -->{{st|Mana Restored|{{as|{{ap|50 to 150}}|mana}}}}
info: backtracing line_14 to leveling3 adding value -->{{st|Slow|{{ap|30 to 50}}%}}
info: backtracing line_18 to leveling4 adding value -->{{st|Stun Duration|{{ap|1 to 2}}}}
Taking spell: wikia_skill_w2
info: backtracing line_10 to leveling2 adding value -->{{st|Mana Restored|{{as|{{ap|50 to 150}}|mana}}}}
info: backtracing line_14 to leveling3 adding value -->{{st|Slow|{{ap|30 to 50}}%}}
info: backtracing line_18 to leveling4 adding value -->{{st|Stun Duration|{{ap|1 to 2}}}}
Taking spell: wikia_skill_w3
info: backtracing line_10 to leveling2 adding value -->{{st|Mana Restored|{{as|{{ap|50 to 150}}|mana}}}}
info: backtracing line_14 to leveling3 adding value -->{{st|Slow|{{ap|30 to 50}}%}}
info: backtracing line_18 to leveling4 adding value -->{{st|Stun Duration|{{ap|1 to 2}}}}
Taking spell: wikia_skill_w4
info: backtracing line_10 to leveling2 adding value -->{{st|Mana Restored|{{as|{{ap|50 to 150}}|mana}}}}
info: backtracing line_14 to leveling3 adding value -->{{st|Slow|{{ap|30 to 50}}%}}
info: backtracing line_18 to leveling4 adding value -->{{st|Stun Duration|{{ap|1 to 2}}}}
Taking spell: wikia_skill_e1
Taking spell: wikia_skill_r1
Taking spell: wikia_skill_r2
Processing: Shaco.pass1.json
Taking spell: wikia_skill_i1
Taking spell: wikia_skill_q1
Taking spell: wikia_skill_w1
Taking spell: wikia_skill_e1
Taking spell: wikia_skill_r1
Taking spell: wikia_skill_r2
warning: empty spell
Processing: Ashe.pass1.json
Taking spell: wikia_skill_i1
Taking spell: wikia_skill_i2
Taking spell: wikia_skill_q1
Taking spell: wikia_skill_q2
Taking spell: wikia_skill_w1
Taking spell: wikia_skill_e1
Taking spell: wikia_skill_r1
Processing: Graves.pass1.json
Taking spell: wikia_skill_i1
Taking spell: wikia_skill_q1
Taking spell: wikia_skill_w1
Taking spell: wikia_skill_e1
Taking spell: wikia_skill_r1
Processing: Talon.pass1.json
Taking spell: wikia_skill_i1
Taking spell: wikia_skill_q1
Taking spell: wikia_skill_w1
info: backtracing line_10 to leveling2 adding value {{st|Slow|{{ap|40 to 60}}%}}
Taking spell: wikia_skill_e1
Taking spell: wikia_skill_r1
info: backtracing line_8 to leveling adding value -->{{st|Bonus Movement Speed|{{ap|40|55|70}}%}}
Processing: Nunu.pass1.json
Taking spell: wikia_skill_i1
Taking spell: wikia_skill_q1
info: backtracing line_8 to leveling adding value {{st|Base Healing from Champions|{{ap|75*0.8 to 215*0.8}} {{as|(+ 56% AP)}} {{as|(+ 8% '''bonus''' health)}}|Empowered Healing from Champions|{{ap|75*0.8*1.5 to 215*0.8*1.5}} {{as|(+ 84% AP)}} {{as|(+ 12% '''bonus''' health)}}}}
info: backtracing line_11 to leveling2 adding value {{st|Base Healing from Non-Champions|{{ap|75 to 215}} {{as|(+ 70% AP)}} {{as|(+ 10% '''bonus''' health)}}|Empowered Healing from Non-Champions|{{ap|75*1.5 to 215*1.5}} {{as|(+ 105% AP)}} {{as|(+ 15% '''bonus''' health)}}}}
Taking spell: wikia_skill_w1
Taking spell: wikia_skill_e1
Taking spell: wikia_skill_r1
Processing: Veigar.pass1.json
Taking spell: wikia_skill_i1
Taking spell: wikia_skill_q1
Taking spell: wikia_skill_w1
Taking spell: wikia_skill_e1
Taking spell: wikia_skill_r1
Processing: Morgana.pass1.json
Taking spell: wikia_skill_i1
Taking spell: wikia_skill_q1
info: backtracing line_8 to leveling adding value {{st|Root Duration|{{ap|2|2.25|2.5|2.75|3}}}}
Taking spell: wikia_skill_w1
info: backtracing line_8 to leveling adding value -->{{st|Minimum Total Damage|{{ap|80|160|240|320|400}} {{as|(+ 110% AP)}}|Maximum Total Damage|{{ap|120|240|360|480|600}} {{as|(+ 165% AP)}}}}
Taking spell: wikia_skill_e1
Taking spell: wikia_skill_r1
Processing: JarvanIV.pass1.json
Taking spell: wikia_skill_i1
Taking spell: wikia_skill_q1
Taking spell: wikia_skill_w1
info: backtracing line_10 to leveling2 adding value -->{{st|Bonus Shield Per Champion|{{as|{{ap|2|2.25|2.5|2.75|3}}% of '''Jarvan IV's''' '''maximum''' health}}}}
Taking spell: wikia_skill_e1
Taking spell: wikia_skill_r1
Processing: Gnar.pass1.json
Taking spell: wikia_skill_i1
Taking spell: wikia_skill_q1
Taking spell: wikia_skill_q2
Taking spell: wikia_skill_w1
Taking spell: wikia_skill_w2
Taking spell: wikia_skill_e1
Taking spell: wikia_skill_e2
Taking spell: wikia_skill_e3
Taking spell: wikia_skill_r1
Processing: Heimerdinger.pass1.json
Taking spell: wikia_skill_i1
Taking spell: wikia_skill_q1
Taking spell: wikia_skill_q2
Taking spell: wikia_skill_w1
info: backtracing line_2 to name adding value -->{{#vardefine:r1|60}}<!--Non-Upgraded Initial rocket Rank 1 damage
info: backtracing line_3 to name adding value -->{{#vardefine:r2|180}}<!--Non-Upgraded Initial rocket Rank 5 damage
info: backtracing line_4 to name adding value -->{{#vardefine:ur1|135}}<!--Upgraded Initial rocket Rank 1 damage
info: backtracing line_5 to name adding value -->{{#vardefine:ur2|225}}<!--Upgraded Initial rocket Rank 3 damage
info: backtracing line_6 to name adding value -->{{{{{1<noinclude>|Ability data</noinclude>}}}|Hextech Micro-Rockets|{{{2|}}}|{{{3|}}}|{{{4|}}}|{{{5|}}}
Taking spell: wikia_skill_w2
info: backtracing line_2 to name adding value -->{{#vardefine:r1|60}}<!--Non-Upgraded Initial rocket Rank 1 damage
info: backtracing line_3 to name adding value -->{{#vardefine:r2|180}}<!--Non-Upgraded Initial rocket Rank 5 damage
info: backtracing line_4 to name adding value -->{{#vardefine:ur1|135}}<!--Upgraded Initial rocket Rank 1 damage
info: backtracing line_5 to name adding value -->{{#vardefine:ur2|225}}<!--Upgraded Initial rocket Rank 3 damage
info: backtracing line_6 to name adding value -->{{{{{1<noinclude>|Ability data</noinclude>}}}|Hextech Micro-Rockets|{{{2|}}}|{{{3|}}}|{{{4|}}}|{{{5|}}}
Taking spell: wikia_skill_e1
info: backtracing line_12 to leveling3 adding value {{st|Magic Damage|{{ap|150 to 350 3}} {{as|(+ 75% AP)}}}}
Taking spell: wikia_skill_e2
info: backtracing line_12 to leveling3 adding value {{st|Magic Damage|{{ap|150 to 350 3}} {{as|(+ 75% AP)}}}}
Taking spell: wikia_skill_r1
Processing: Mordekaiser.pass1.json
Taking spell: wikia_skill_i1
Taking spell: wikia_skill_q1
Taking spell: wikia_skill_q2
Taking spell: wikia_skill_q3
Taking spell: wikia_skill_w1
info: backtracing line_13 to leveling4 adding value -->{{st|Heal Per Enemy|{{ap|50 to 190}} {{as|(+ 30% AP)}}|Maximum Heal|{{ap|50*2 to 190*2}} {{as|(+ 60% AP)}}}}<!--
info: backtracing line_14 to leveling4 adding value -->{{st|Heal from Minions|{{ap|50*0.25 to 190*0.25}} {{as|(+ 7.5% AP)}}|Maximum Heal from Minions|{{ap|50*0.25*2 to 190*0.25*2}} {{as|(+ 15% AP)}}}}
Taking spell: wikia_skill_e1
Taking spell: wikia_skill_r1
info: backtracing line_15 to leveling5 adding value -->{{st|Bonus Movement Speed|{{ap|-50 to 50 3}}}}
Taking spell: wikia_skill_r2
info: backtracing line_15 to leveling5 adding value -->{{st|Bonus Movement Speed|{{ap|-50 to 50 3}}}}
Processing: Vayne.pass1.json
Taking spell: wikia_skill_i1
Taking spell: wikia_skill_q1
Taking spell: wikia_skill_w1
info: backtracing line_9 to leveling2 adding value -->{{st|Minimum True Damage|{{as|{{ap|50 to 110}}|true damage}}}}
Taking spell: wikia_skill_e1
Taking spell: wikia_skill_r1
info: backtracing line_8 to leveling adding value {{st|Bonus AD|{{as|{{ap|20 to 40 3}}|AD}}}}
Complete!
Champion with erorrs 0 : total errors 0
warnings 13
Vi Trundle Zac Kindred Velkoz 
