Hello
Using ddragon version: 12.11.1
Saving file './src/api/version.json'...
Fetching (wiki): https://leagueoflegends.fandom.com/wiki/Module:ChampionData/data?action=edit
Awaiting all Promises
Fetching (ddragon) https://ddragon.leagueoflegends.com/cdn/12.11.1/data/en_US/champion/Aatrox.json
Fetching (ddragon) https://ddragon.leagueoflegends.com/cdn/12.11.1/data/en_US/champion/Braum.json
Fetching (ddragon) https://ddragon.leagueoflegends.com/cdn/12.11.1/data/en_US/champion/Fizz.json
Fetching (ddragon) https://ddragon.leagueoflegends.com/cdn/12.11.1/data/en_US/champion/DrMundo.json
Fetching (ddragon) https://ddragon.leagueoflegends.com/cdn/12.11.1/data/en_US/champion/Bard.json
Fetching (ddragon) https://ddragon.leagueoflegends.com/cdn/12.11.1/data/en_US/champion/Cassiopeia.json
Fetching (ddragon) https://ddragon.leagueoflegends.com/cdn/12.11.1/data/en_US/champion/Annie.json
Fetching (ddragon) https://ddragon.leagueoflegends.com/cdn/12.11.1/data/en_US/champion/Corki.json
Fetching (ddragon) https://ddragon.leagueoflegends.com/cdn/12.11.1/data/en_US/champion/Alistar.json
Fetching (ddragon) https://ddragon.leagueoflegends.com/cdn/12.11.1/data/en_US/champion/Camille.json
skill missing div for Nilah i
skill missing div for Nilah q
skill missing div for Nilah w
skill missing div for Nilah e
skill missing div for Nilah r
Fetching (ddragon) https://ddragon.leagueoflegends.com/cdn/12.11.1/data/en_US/champion/Nilah.json
Fetching (ddragon) https://ddragon.leagueoflegends.com/cdn/12.11.1/data/en_US/champion/Ahri.json
Fetching (ddragon) https://ddragon.leagueoflegends.com/cdn/12.11.1/data/en_US/champion/Blitzcrank.json
Fetching (ddragon) https://ddragon.leagueoflegends.com/cdn/12.11.1/data/en_US/champion/Ashe.json
Fetching (ddragon) https://ddragon.leagueoflegends.com/cdn/12.11.1/data/en_US/champion/Elise.json
Fetching (ddragon) https://ddragon.leagueoflegends.com/cdn/12.11.1/data/en_US/champion/Gangplank.json
Fetching (ddragon) https://ddragon.leagueoflegends.com/cdn/12.11.1/data/en_US/champion/Lissandra.json
Fetching (ddragon) https://ddragon.leagueoflegends.com/cdn/12.11.1/data/en_US/champion/Nasus.json
Fetching (ddragon) https://ddragon.leagueoflegends.com/cdn/12.11.1/data/en_US/champion/Azir.json
Fetching (ddragon) https://ddragon.leagueoflegends.com/cdn/12.11.1/data/en_US/champion/Gwen.json
[WARN] Spell Aphelios e has uneven divs and infoboxes lengths 1 0
Fetching (ddragon) https://ddragon.leagueoflegends.com/cdn/12.11.1/data/en_US/champion/Aphelios.json
Fetching (ddragon) https://ddragon.leagueoflegends.com/cdn/12.11.1/data/en_US/champion/Qiyana.json
Fetching (ddragon) https://ddragon.leagueoflegends.com/cdn/12.11.1/data/en_US/champion/Seraphine.json
Fetching (ddragon) https://ddragon.leagueoflegends.com/cdn/12.11.1/data/en_US/champion/Maokai.json
Fetching (ddragon) https://ddragon.leagueoflegends.com/cdn/12.11.1/data/en_US/champion/Neeko.json
Fetching (ddragon) https://ddragon.leagueoflegends.com/cdn/12.11.1/data/en_US/champion/Karthus.json
Fetching (ddragon) https://ddragon.leagueoflegends.com/cdn/12.11.1/data/en_US/champion/Ezreal.json
Fetching (ddragon) https://ddragon.leagueoflegends.com/cdn/12.11.1/data/en_US/champion/Jayce.json
Fetching (ddragon) https://ddragon.leagueoflegends.com/cdn/12.11.1/data/en_US/champion/Anivia.json
Fetching (ddragon) https://ddragon.leagueoflegends.com/cdn/12.11.1/data/en_US/champion/Heimerdinger.json
Fetching (ddragon) https://ddragon.leagueoflegends.com/cdn/12.11.1/data/en_US/champion/JarvanIV.json
Fetching (ddragon) https://ddragon.leagueoflegends.com/cdn/12.11.1/data/en_US/champion/Kennen.json
Fetching (ddragon) https://ddragon.leagueoflegends.com/cdn/12.11.1/data/en_US/champion/Xerath.json
Fetching (ddragon) https://ddragon.leagueoflegends.com/cdn/12.11.1/data/en_US/champion/Rell.json
Fetching (ddragon) https://ddragon.leagueoflegends.com/cdn/12.11.1/data/en_US/champion/Leona.json
Fetching (ddragon) https://ddragon.leagueoflegends.com/cdn/12.11.1/data/en_US/champion/Kindred.json
Fetching (ddragon) https://ddragon.leagueoflegends.com/cdn/12.11.1/data/en_US/champion/Quinn.json
Fetching (ddragon) https://ddragon.leagueoflegends.com/cdn/12.11.1/data/en_US/champion/Nocturne.json
Fetching (ddragon) https://ddragon.leagueoflegends.com/cdn/12.11.1/data/en_US/champion/Nautilus.json
Fetching (ddragon) https://ddragon.leagueoflegends.com/cdn/12.11.1/data/en_US/champion/Trundle.json
Fetching (ddragon) https://ddragon.leagueoflegends.com/cdn/12.11.1/data/en_US/champion/Diana.json
Fetching (ddragon) https://ddragon.leagueoflegends.com/cdn/12.11.1/data/en_US/champion/Ivern.json
Fetching (ddragon) https://ddragon.leagueoflegends.com/cdn/12.11.1/data/en_US/champion/Ekko.json
Fetching (ddragon) https://ddragon.leagueoflegends.com/cdn/12.11.1/data/en_US/champion/Zac.json
Fetching (ddragon) https://ddragon.leagueoflegends.com/cdn/12.11.1/data/en_US/champion/Veigar.json
Fetching (ddragon) https://ddragon.leagueoflegends.com/cdn/12.11.1/data/en_US/champion/Viktor.json
Fetching (ddragon) https://ddragon.leagueoflegends.com/cdn/12.11.1/data/en_US/champion/Fiddlesticks.json
Fetching (ddragon) https://ddragon.leagueoflegends.com/cdn/12.11.1/data/en_US/champion/Lulu.json
Fetching (ddragon) https://ddragon.leagueoflegends.com/cdn/12.11.1/data/en_US/champion/Orianna.json
Fetching (ddragon) https://ddragon.leagueoflegends.com/cdn/12.11.1/data/en_US/champion/Soraka.json
Fetching (ddragon) https://ddragon.leagueoflegends.com/cdn/12.11.1/data/en_US/champion/Lucian.json
Fetching (ddragon) https://ddragon.leagueoflegends.com/cdn/12.11.1/data/en_US/champion/Singed.json
Fetching (ddragon) https://ddragon.leagueoflegends.com/cdn/12.11.1/data/en_US/champion/Nami.json
Fetching (ddragon) https://ddragon.leagueoflegends.com/cdn/12.11.1/data/en_US/champion/MissFortune.json
Fetching (ddragon) https://ddragon.leagueoflegends.com/cdn/12.11.1/data/en_US/champion/Zeri.json
Fetching (ddragon) https://ddragon.leagueoflegends.com/cdn/12.11.1/data/en_US/champion/Morgana.json
Fetching (ddragon) https://ddragon.leagueoflegends.com/cdn/12.11.1/data/en_US/champion/Syndra.json
Fetching (ddragon) https://ddragon.leagueoflegends.com/cdn/12.11.1/data/en_US/champion/Shyvana.json
Fetching (ddragon) https://ddragon.leagueoflegends.com/cdn/12.11.1/data/en_US/champion/Sivir.json
Fetching (ddragon) https://ddragon.leagueoflegends.com/cdn/12.11.1/data/en_US/champion/Rengar.json
Fetching (ddragon) https://ddragon.leagueoflegends.com/cdn/12.11.1/data/en_US/champion/Vayne.json
Fetching (ddragon) https://ddragon.leagueoflegends.com/cdn/12.11.1/data/en_US/champion/MonkeyKing.json
Fetching (ddragon) https://ddragon.leagueoflegends.com/cdn/12.11.1/data/en_US/champion/Shen.json
Fetching (ddragon) https://ddragon.leagueoflegends.com/cdn/12.11.1/data/en_US/champion/Sejuani.json
Fetching (ddragon) https://ddragon.leagueoflegends.com/cdn/12.11.1/data/en_US/champion/Kled.json
Fetching (ddragon) https://ddragon.leagueoflegends.com/cdn/12.11.1/data/en_US/champion/Katarina.json
Fetching (ddragon) https://ddragon.leagueoflegends.com/cdn/12.11.1/data/en_US/champion/Mordekaiser.json
Fetching (ddragon) https://ddragon.leagueoflegends.com/cdn/12.11.1/data/en_US/champion/Riven.json
Fetching (ddragon) https://ddragon.leagueoflegends.com/cdn/12.11.1/data/en_US/champion/Rammus.json
Fetching (ddragon) https://ddragon.leagueoflegends.com/cdn/12.11.1/data/en_US/champion/Ryze.json
Fetching (ddragon) https://ddragon.leagueoflegends.com/cdn/12.11.1/data/en_US/champion/Samira.json
Fetching (ddragon) https://ddragon.leagueoflegends.com/cdn/12.11.1/data/en_US/champion/Tristana.json
Fetching (ddragon) https://ddragon.leagueoflegends.com/cdn/12.11.1/data/en_US/champion/Ziggs.json
Fetching (ddragon) https://ddragon.leagueoflegends.com/cdn/12.11.1/data/en_US/champion/Vladimir.json
Fetching (ddragon) https://ddragon.leagueoflegends.com/cdn/12.11.1/data/en_US/champion/XinZhao.json
Fetching (ddragon) https://ddragon.leagueoflegends.com/cdn/12.11.1/data/en_US/champion/Lux.json
Fetching (ddragon) https://ddragon.leagueoflegends.com/cdn/12.11.1/data/en_US/champion/Garen.json
Fetching (ddragon) https://ddragon.leagueoflegends.com/cdn/12.11.1/data/en_US/champion/Leblanc.json
Fetching (ddragon) https://ddragon.leagueoflegends.com/cdn/12.11.1/data/en_US/champion/Olaf.json
Fetching (ddragon) https://ddragon.leagueoflegends.com/cdn/12.11.1/data/en_US/champion/Xayah.json
Fetching (ddragon) https://ddragon.leagueoflegends.com/cdn/12.11.1/data/en_US/champion/Karma.json
Fetching (ddragon) https://ddragon.leagueoflegends.com/cdn/12.11.1/data/en_US/champion/Tryndamere.json
Fetching (ddragon) https://ddragon.leagueoflegends.com/cdn/12.11.1/data/en_US/champion/Illaoi.json
Fetching (ddragon) https://ddragon.leagueoflegends.com/cdn/12.11.1/data/en_US/champion/Senna.json
Fetching (ddragon) https://ddragon.leagueoflegends.com/cdn/12.11.1/data/en_US/champion/TwistedFate.json
Fetching (ddragon) https://ddragon.leagueoflegends.com/cdn/12.11.1/data/en_US/champion/Vi.json
Fetching (ddragon) https://ddragon.leagueoflegends.com/cdn/12.11.1/data/en_US/champion/Zoe.json
Fetching (ddragon) https://ddragon.leagueoflegends.com/cdn/12.11.1/data/en_US/champion/Viego.json
Fetching (ddragon) https://ddragon.leagueoflegends.com/cdn/12.11.1/data/en_US/champion/Nidalee.json
Fetching (ddragon) https://ddragon.leagueoflegends.com/cdn/12.11.1/data/en_US/champion/Teemo.json
Fetching (ddragon) https://ddragon.leagueoflegends.com/cdn/12.11.1/data/en_US/champion/Urgot.json
Fetching (ddragon) https://ddragon.leagueoflegends.com/cdn/12.11.1/data/en_US/champion/Akali.json
Fetching (ddragon) https://ddragon.leagueoflegends.com/cdn/12.11.1/data/en_US/champion/Ornn.json
Fetching (ddragon) https://ddragon.leagueoflegends.com/cdn/12.11.1/data/en_US/champion/Warwick.json
Fetching (ddragon) https://ddragon.leagueoflegends.com/cdn/12.11.1/data/en_US/champion/Shaco.json
Fetching (ddragon) https://ddragon.leagueoflegends.com/cdn/12.11.1/data/en_US/champion/Yone.json
Fetching (ddragon) https://ddragon.leagueoflegends.com/cdn/12.11.1/data/en_US/champion/Volibear.json
Fetching (ddragon) https://ddragon.leagueoflegends.com/cdn/12.11.1/data/en_US/champion/Akshan.json
Fetching (ddragon) https://ddragon.leagueoflegends.com/cdn/12.11.1/data/en_US/champion/Zed.json
Fetching (ddragon) https://ddragon.leagueoflegends.com/cdn/12.11.1/data/en_US/champion/Thresh.json
Fetching (ddragon) https://ddragon.leagueoflegends.com/cdn/12.11.1/data/en_US/champion/Swain.json
Fetching (ddragon) https://ddragon.leagueoflegends.com/cdn/12.11.1/data/en_US/champion/Sylas.json
Fetching (ddragon) https://ddragon.leagueoflegends.com/cdn/12.11.1/data/en_US/champion/Yasuo.json
Fetching (ddragon) https://ddragon.leagueoflegends.com/cdn/12.11.1/data/en_US/champion/Fiora.json
Fetching (ddragon) https://ddragon.leagueoflegends.com/cdn/12.11.1/data/en_US/champion/Talon.json
Fetching (ddragon) https://ddragon.leagueoflegends.com/cdn/12.11.1/data/en_US/champion/Sett.json
Fetching (ddragon) https://ddragon.leagueoflegends.com/cdn/12.11.1/data/en_US/champion/Sion.json
Fetching (ddragon) https://ddragon.leagueoflegends.com/cdn/12.11.1/data/en_US/champion/Brand.json
Fetching (ddragon) https://ddragon.leagueoflegends.com/cdn/12.11.1/data/en_US/champion/Yuumi.json
Fetching (ddragon) https://ddragon.leagueoflegends.com/cdn/12.11.1/data/en_US/champion/TahmKench.json
Fetching (ddragon) https://ddragon.leagueoflegends.com/cdn/12.11.1/data/en_US/champion/Amumu.json
Fetching (ddragon) https://ddragon.leagueoflegends.com/cdn/12.11.1/data/en_US/champion/Lillia.json
Fetching (ddragon) https://ddragon.leagueoflegends.com/cdn/12.11.1/data/en_US/champion/Darius.json
Fetching (ddragon) https://ddragon.leagueoflegends.com/cdn/12.11.1/data/en_US/champion/Caitlyn.json
Fetching (ddragon) https://ddragon.leagueoflegends.com/cdn/12.11.1/data/en_US/champion/Hecarim.json
Fetching (ddragon) https://ddragon.leagueoflegends.com/cdn/12.11.1/data/en_US/champion/Malzahar.json
Fetching (ddragon) https://ddragon.leagueoflegends.com/cdn/12.11.1/data/en_US/champion/Velkoz.json
Fetching (ddragon) https://ddragon.leagueoflegends.com/cdn/12.11.1/data/en_US/champion/Zilean.json
Fetching (ddragon) https://ddragon.leagueoflegends.com/cdn/12.11.1/data/en_US/champion/Draven.json
Fetching (ddragon) https://ddragon.leagueoflegends.com/cdn/12.11.1/data/en_US/champion/AurelionSol.json
Fetching (ddragon) https://ddragon.leagueoflegends.com/cdn/12.11.1/data/en_US/champion/Udyr.json
Fetching (ddragon) https://ddragon.leagueoflegends.com/cdn/12.11.1/data/en_US/champion/Kalista.json
Fetching (ddragon) https://ddragon.leagueoflegends.com/cdn/12.11.1/data/en_US/champion/Skarner.json
Fetching (ddragon) https://ddragon.leagueoflegends.com/cdn/12.11.1/data/en_US/champion/Rakan.json
Fetching (ddragon) https://ddragon.leagueoflegends.com/cdn/12.11.1/data/en_US/champion/Gnar.json
Fetching (ddragon) https://ddragon.leagueoflegends.com/cdn/12.11.1/data/en_US/champion/Rumble.json
Fetching (ddragon) https://ddragon.leagueoflegends.com/cdn/12.11.1/data/en_US/champion/Kassadin.json
Fetching (ddragon) https://ddragon.leagueoflegends.com/cdn/12.11.1/data/en_US/champion/Malphite.json
Fetching (ddragon) https://ddragon.leagueoflegends.com/cdn/12.11.1/data/en_US/champion/Evelynn.json
Fetching (ddragon) https://ddragon.leagueoflegends.com/cdn/12.11.1/data/en_US/champion/Jhin.json
Fetching (ddragon) https://ddragon.leagueoflegends.com/cdn/12.11.1/data/en_US/champion/Janna.json
Fetching (ddragon) https://ddragon.leagueoflegends.com/cdn/12.11.1/data/en_US/champion/Zyra.json
Fetching (ddragon) https://ddragon.leagueoflegends.com/cdn/12.11.1/data/en_US/champion/Gragas.json
Fetching (ddragon) https://ddragon.leagueoflegends.com/cdn/12.11.1/data/en_US/champion/Jinx.json
Fetching (ddragon) https://ddragon.leagueoflegends.com/cdn/12.11.1/data/en_US/champion/Jax.json
Fetching (ddragon) https://ddragon.leagueoflegends.com/cdn/12.11.1/data/en_US/champion/Irelia.json
Fetching (ddragon) https://ddragon.leagueoflegends.com/cdn/12.11.1/data/en_US/champion/Galio.json
Fetching (ddragon) https://ddragon.leagueoflegends.com/cdn/12.11.1/data/en_US/champion/Kayn.json
Fetching (ddragon) https://ddragon.leagueoflegends.com/cdn/12.11.1/data/en_US/champion/KogMaw.json
Fetching (ddragon) https://ddragon.leagueoflegends.com/cdn/12.11.1/data/en_US/champion/Chogath.json
Fetching (ddragon) https://ddragon.leagueoflegends.com/cdn/12.11.1/data/en_US/champion/RekSai.json
Fetching (ddragon) https://ddragon.leagueoflegends.com/cdn/12.11.1/data/en_US/champion/Varus.json
Fetching (ddragon) https://ddragon.leagueoflegends.com/cdn/12.11.1/data/en_US/champion/Renekton.json
Fetching (ddragon) https://ddragon.leagueoflegends.com/cdn/12.11.1/data/en_US/champion/Pantheon.json
Fetching (ddragon) https://ddragon.leagueoflegends.com/cdn/12.11.1/data/en_US/champion/Twitch.json
Fetching (ddragon) https://ddragon.leagueoflegends.com/cdn/12.11.1/data/en_US/champion/Kaisa.json
Fetching (ddragon) https://ddragon.leagueoflegends.com/cdn/12.11.1/data/en_US/champion/Graves.json
Fetching (ddragon) https://ddragon.leagueoflegends.com/cdn/12.11.1/data/en_US/champion/Sona.json
Fetching (ddragon) https://ddragon.leagueoflegends.com/cdn/12.11.1/data/en_US/champion/LeeSin.json
Fetching (ddragon) https://ddragon.leagueoflegends.com/cdn/12.11.1/data/en_US/champion/Kayle.json
Fetching (ddragon) https://ddragon.leagueoflegends.com/cdn/12.11.1/data/en_US/champion/MasterYi.json
Fetching (ddragon) https://ddragon.leagueoflegends.com/cdn/12.11.1/data/en_US/champion/Khazix.json
Fetching (ddragon) https://ddragon.leagueoflegends.com/cdn/12.11.1/data/en_US/champion/GnarBig.json
Fetching (ddragon) https://ddragon.leagueoflegends.com/cdn/12.11.1/data/en_US/champion/Pyke.json
Fetching (ddragon) https://ddragon.leagueoflegends.com/cdn/12.11.1/data/en_US/champion/Renata.json
Fetching (ddragon) https://ddragon.leagueoflegends.com/cdn/12.11.1/data/en_US/champion/Taric.json
Fetching (ddragon) https://ddragon.leagueoflegends.com/cdn/12.11.1/data/en_US/champion/Vex.json
Fetching (ddragon) https://ddragon.leagueoflegends.com/cdn/12.11.1/data/en_US/champion/Taliyah.json
Fetching (ddragon) https://ddragon.leagueoflegends.com/cdn/12.11.1/data/en_US/champion/Kled.json
Fetching (ddragon) https://ddragon.leagueoflegends.com/cdn/12.11.1/data/en_US/champion/Yorick.json
Fetching (ddragon) https://ddragon.leagueoflegends.com/cdn/12.11.1/data/en_US/champion/Belveth.json
Fetching (ddragon) https://ddragon.leagueoflegends.com/cdn/12.11.1/data/en_US/champion/Poppy.json
Fetching (ddragon) https://ddragon.leagueoflegends.com/cdn/12.11.1/data/en_US/champion/Nunu.json
Saving file './src/api/ChampionListComplete.json'...
Goodbye
